[0.219s] Invoking command in '/home/dyjung/ros2_oneday/build/best_camera_app_msgs': CMAKE_PREFIX_PATH=${CMAKE_PREFIX_PATH}:/home/dyjung/ros2_oneday/install/best_camera_app:/opt/ros/humble /usr/bin/cmake --build /home/dyjung/ros2_oneday/build/best_camera_app_msgs -- -j12 -l12
[0.238s] -- Found ament_cmake: 1.3.8 (/opt/ros/humble/share/ament_cmake/cmake)
[0.332s] -- Found rosidl_default_generators: 1.2.0 (/opt/ros/humble/share/rosidl_default_generators/cmake)
[0.333s] -- Using all available rosidl_typesupport_c: rosidl_typesupport_fastrtps_c;rosidl_typesupport_introspection_c
[0.335s] -- Found rosidl_adapter: 3.1.5 (/opt/ros/humble/share/rosidl_adapter/cmake)
[0.359s] -- Using all available rosidl_typesupport_cpp: rosidl_typesupport_fastrtps_cpp;rosidl_typesupport_introspection_cpp
[0.564s] -- Found ament_cmake_ros: 0.10.0 (/opt/ros/humble/share/ament_cmake_ros/cmake)
[0.696s] -- Using all available rosidl_typesupport_c: rosidl_typesupport_fastrtps_c;rosidl_typesupport_introspection_c
[0.874s] -- Using all available rosidl_typesupport_cpp: rosidl_typesupport_fastrtps_cpp;rosidl_typesupport_introspection_cpp
[0.891s] -- Found python_cmake_module: 0.10.0 (/opt/ros/humble/share/python_cmake_module/cmake)
[0.908s] -- Using PYTHON_EXECUTABLE: /usr/bin/python3
[0.908s] -- Using PYTHON_INCLUDE_DIRS: /usr/include/python3.10
[0.908s] -- Using PYTHON_LIBRARIES: /usr/lib/x86_64-linux-gnu/libpython3.10.so
[0.916s] -- Found ament_lint_auto: 0.12.10 (/opt/ros/humble/share/ament_lint_auto/cmake)
[0.922s] -- Added test 'lint_cmake' to check CMake code style
[0.923s] -- Added test 'xmllint' to check XML markup files
[0.924s] -- Configuring done
[0.943s] -- Generating done
[0.945s] -- Build files have been written to: /home/dyjung/ros2_oneday/build/best_camera_app_msgs
[0.963s] [  3%] [34m[1mGenerating C code for ROS interfaces[0m
[0.970s] [  6%] [34m[1mGenerating C++ code for ROS interfaces[0m
[0.977s] [  6%] Built target ament_cmake_python_copy_best_camera_app_msgs
[1.174s] [35m[1mConsolidate compiler generated dependencies of target best_camera_app_msgs__rosidl_generator_c[0m
[1.183s] [  9%] [32mBuilding C object CMakeFiles/best_camera_app_msgs__rosidl_generator_c.dir/rosidl_generator_c/best_camera_app_msgs/srv/detail/camera_capture__functions.c.o[0m
[1.183s] [  9%] Built target best_camera_app_msgs__cpp
[1.190s] running egg_info
[1.191s] [ 19%] [34m[1mGenerating C++ type support dispatch for ROS interfaces[0m
[1.191s] [ 19%] [34m[1mGenerating C++ type support for eProsima Fast-RTPS[0m
[1.191s] writing best_camera_app_msgs.egg-info/PKG-INFO
[1.191s] [ 19%] [34m[1mGenerating C++ introspection for ROS interfaces[0m
[1.191s] writing dependency_links to best_camera_app_msgs.egg-info/dependency_links.txt
[1.191s] writing top-level names to best_camera_app_msgs.egg-info/top_level.txt
[1.193s] reading manifest file 'best_camera_app_msgs.egg-info/SOURCES.txt'
[1.193s] writing manifest file 'best_camera_app_msgs.egg-info/SOURCES.txt'
[1.218s] [ 19%] Built target ament_cmake_python_build_best_camera_app_msgs_egg
[1.226s] [ 22%] [32m[1mLinking C shared library libbest_camera_app_msgs__rosidl_generator_c.so[0m
[1.254s] [ 22%] Built target best_camera_app_msgs__rosidl_generator_c
[1.262s] [ 29%] [34m[1mGenerating C introspection for ROS interfaces[0m
[1.263s] [ 32%] [34m[1mGenerating C type support dispatch for ROS interfaces[0m
[1.263s] [ 32%] [34m[1mGenerating C type support for eProsima Fast-RTPS[0m
[1.370s] [35m[1mConsolidate compiler generated dependencies of target best_camera_app_msgs__rosidl_typesupport_cpp[0m
[1.380s] [ 35%] [32mBuilding CXX object CMakeFiles/best_camera_app_msgs__rosidl_typesupport_cpp.dir/rosidl_typesupport_cpp/best_camera_app_msgs/srv/camera_capture__type_support.cpp.o[0m
[1.391s] [35m[1mConsolidate compiler generated dependencies of target best_camera_app_msgs__rosidl_typesupport_introspection_cpp[0m
[1.400s] [ 38%] [32mBuilding CXX object CMakeFiles/best_camera_app_msgs__rosidl_typesupport_introspection_cpp.dir/rosidl_typesupport_introspection_cpp/best_camera_app_msgs/srv/detail/camera_capture__type_support.cpp.o[0m
[1.403s] [35m[1mConsolidate compiler generated dependencies of target best_camera_app_msgs__rosidl_typesupport_fastrtps_cpp[0m
[1.413s] [ 41%] [32mBuilding CXX object CMakeFiles/best_camera_app_msgs__rosidl_typesupport_fastrtps_cpp.dir/rosidl_typesupport_fastrtps_cpp/best_camera_app_msgs/srv/detail/dds_fastrtps/camera_capture__type_support.cpp.o[0m
[1.442s] [35m[1mConsolidate compiler generated dependencies of target best_camera_app_msgs__rosidl_typesupport_c[0m
[1.452s] [ 45%] [32mBuilding CXX object CMakeFiles/best_camera_app_msgs__rosidl_typesupport_c.dir/rosidl_typesupport_c/best_camera_app_msgs/srv/camera_capture__type_support.cpp.o[0m
[1.475s] [35m[1mConsolidate compiler generated dependencies of target best_camera_app_msgs__rosidl_typesupport_introspection_c[0m
[1.478s] [ 48%] [32m[1mLinking CXX shared library libbest_camera_app_msgs__rosidl_typesupport_c.so[0m
[1.478s] [35m[1mConsolidate compiler generated dependencies of target best_camera_app_msgs__rosidl_typesupport_fastrtps_c[0m
[1.484s] [ 51%] [32mBuilding C object CMakeFiles/best_camera_app_msgs__rosidl_typesupport_introspection_c.dir/rosidl_typesupport_introspection_c/best_camera_app_msgs/srv/detail/camera_capture__type_support.c.o[0m
[1.488s] [ 54%] [32mBuilding CXX object CMakeFiles/best_camera_app_msgs__rosidl_typesupport_fastrtps_c.dir/rosidl_typesupport_fastrtps_c/best_camera_app_msgs/srv/detail/camera_capture__type_support_c.cpp.o[0m
[1.510s] [ 58%] [32m[1mLinking C shared library libbest_camera_app_msgs__rosidl_typesupport_introspection_c.so[0m
[1.510s] [ 58%] Built target best_camera_app_msgs__rosidl_typesupport_c
[1.535s] [ 58%] Built target best_camera_app_msgs__rosidl_typesupport_introspection_c
[1.592s] [ 61%] [32m[1mLinking CXX shared library libbest_camera_app_msgs__rosidl_typesupport_cpp.so[0m
[1.624s] [ 61%] Built target best_camera_app_msgs__rosidl_typesupport_cpp
[1.692s] [ 64%] [32m[1mLinking CXX shared library libbest_camera_app_msgs__rosidl_typesupport_introspection_cpp.so[0m
[1.724s] [ 64%] Built target best_camera_app_msgs__rosidl_typesupport_introspection_cpp
[1.733s] [ 67%] [32m[1mLinking CXX shared library libbest_camera_app_msgs__rosidl_typesupport_fastrtps_cpp.so[0m
[1.753s] [ 70%] [32m[1mLinking CXX shared library libbest_camera_app_msgs__rosidl_typesupport_fastrtps_c.so[0m
[1.791s] [ 70%] Built target best_camera_app_msgs__rosidl_typesupport_fastrtps_cpp
[1.810s] [ 70%] Built target best_camera_app_msgs__rosidl_typesupport_fastrtps_c
[1.824s] [ 70%] Built target best_camera_app_msgs
[1.838s] [ 74%] [34m[1mGenerating Python code for ROS interfaces[0m
[2.110s] [ 74%] Built target best_camera_app_msgs__py
[2.117s] [35m[1mConsolidate compiler generated dependencies of target best_camera_app_msgs__rosidl_generator_py[0m
[2.126s] [ 77%] [32mBuilding C object CMakeFiles/best_camera_app_msgs__rosidl_generator_py.dir/rosidl_generator_py/best_camera_app_msgs/srv/_camera_capture_s.c.o[0m
[2.202s] [ 80%] [32m[1mLinking C shared library rosidl_generator_py/best_camera_app_msgs/libbest_camera_app_msgs__rosidl_generator_py.so[0m
[2.230s] [ 80%] Built target best_camera_app_msgs__rosidl_generator_py
[2.239s] [35m[1mConsolidate compiler generated dependencies of target best_camera_app_msgs__rosidl_typesupport_introspection_c__pyext[0m
[2.239s] [35m[1mConsolidate compiler generated dependencies of target best_camera_app_msgs__rosidl_typesupport_c__pyext[0m
[2.239s] [35m[1mConsolidate compiler generated dependencies of target best_camera_app_msgs__rosidl_typesupport_fastrtps_c__pyext[0m
[2.249s] [ 90%] [32mBuilding C object CMakeFiles/best_camera_app_msgs__rosidl_typesupport_introspection_c__pyext.dir/rosidl_generator_py/best_camera_app_msgs/_best_camera_app_msgs_s.ep.rosidl_typesupport_introspection_c.c.o[0m
[2.249s] [ 90%] [32mBuilding C object CMakeFiles/best_camera_app_msgs__rosidl_typesupport_fastrtps_c__pyext.dir/rosidl_generator_py/best_camera_app_msgs/_best_camera_app_msgs_s.ep.rosidl_typesupport_fastrtps_c.c.o[0m
[2.249s] [ 90%] [32mBuilding C object CMakeFiles/best_camera_app_msgs__rosidl_typesupport_c__pyext.dir/rosidl_generator_py/best_camera_app_msgs/_best_camera_app_msgs_s.ep.rosidl_typesupport_c.c.o[0m
[2.318s] [ 93%] [32m[1mLinking C shared library rosidl_generator_py/best_camera_app_msgs/best_camera_app_msgs_s__rosidl_typesupport_c.cpython-310-x86_64-linux-gnu.so[0m
[2.319s] [ 96%] [32m[1mLinking C shared library rosidl_generator_py/best_camera_app_msgs/best_camera_app_msgs_s__rosidl_typesupport_introspection_c.cpython-310-x86_64-linux-gnu.so[0m
[2.320s] [100%] [32m[1mLinking C shared library rosidl_generator_py/best_camera_app_msgs/best_camera_app_msgs_s__rosidl_typesupport_fastrtps_c.cpython-310-x86_64-linux-gnu.so[0m
[2.344s] [100%] Built target best_camera_app_msgs__rosidl_typesupport_c__pyext
[2.345s] [100%] Built target best_camera_app_msgs__rosidl_typesupport_introspection_c__pyext
[2.345s] [100%] Built target best_camera_app_msgs__rosidl_typesupport_fastrtps_c__pyext
[2.353s] Invoked command in '/home/dyjung/ros2_oneday/build/best_camera_app_msgs' returned '0': CMAKE_PREFIX_PATH=${CMAKE_PREFIX_PATH}:/home/dyjung/ros2_oneday/install/best_camera_app:/opt/ros/humble /usr/bin/cmake --build /home/dyjung/ros2_oneday/build/best_camera_app_msgs -- -j12 -l12
[2.398s] Invoking command in '/home/dyjung/ros2_oneday/build/best_camera_app_msgs': CMAKE_PREFIX_PATH=${CMAKE_PREFIX_PATH}:/home/dyjung/ros2_oneday/install/best_camera_app:/opt/ros/humble /usr/bin/cmake --install /home/dyjung/ros2_oneday/build/best_camera_app_msgs
[2.403s] -- Install configuration: ""
[2.403s] -- Up-to-date: /home/dyjung/ros2_oneday/install/best_camera_app_msgs/share/ament_index/resource_index/rosidl_interfaces/best_camera_app_msgs
[2.403s] -- Up-to-date: /home/dyjung/ros2_oneday/install/best_camera_app_msgs/include/best_camera_app_msgs/best_camera_app_msgs
[2.403s] -- Up-to-date: /home/dyjung/ros2_oneday/install/best_camera_app_msgs/include/best_camera_app_msgs/best_camera_app_msgs/msg
[2.404s] -- Up-to-date: /home/dyjung/ros2_oneday/install/best_camera_app_msgs/include/best_camera_app_msgs/best_camera_app_msgs/msg/rosidl_generator_c__visibility_control.h
[2.404s] -- Up-to-date: /home/dyjung/ros2_oneday/install/best_camera_app_msgs/include/best_camera_app_msgs/best_camera_app_msgs/srv
[2.404s] -- Installing: /home/dyjung/ros2_oneday/install/best_camera_app_msgs/include/best_camera_app_msgs/best_camera_app_msgs/srv/camera_capture.h
[2.404s] -- Up-to-date: /home/dyjung/ros2_oneday/install/best_camera_app_msgs/include/best_camera_app_msgs/best_camera_app_msgs/srv/detail
[2.404s] -- Installing: /home/dyjung/ros2_oneday/install/best_camera_app_msgs/include/best_camera_app_msgs/best_camera_app_msgs/srv/detail/camera_capture__functions.h
[2.404s] -- Installing: /home/dyjung/ros2_oneday/install/best_camera_app_msgs/include/best_camera_app_msgs/best_camera_app_msgs/srv/detail/camera_capture__functions.c
[2.404s] -- Installing: /home/dyjung/ros2_oneday/install/best_camera_app_msgs/include/best_camera_app_msgs/best_camera_app_msgs/srv/detail/camera_capture__type_support.h
[2.404s] -- Installing: /home/dyjung/ros2_oneday/install/best_camera_app_msgs/include/best_camera_app_msgs/best_camera_app_msgs/srv/detail/camera_capture__struct.h
[2.404s] -- Up-to-date: /home/dyjung/ros2_oneday/install/best_camera_app_msgs/share/best_camera_app_msgs/environment/library_path.sh
[2.404s] -- Installing: /home/dyjung/ros2_oneday/install/best_camera_app_msgs/share/best_camera_app_msgs/environment/library_path.dsv
[2.404s] -- Installing: /home/dyjung/ros2_oneday/install/best_camera_app_msgs/lib/libbest_camera_app_msgs__rosidl_generator_c.so
[2.404s] -- Set runtime path of "/home/dyjung/ros2_oneday/install/best_camera_app_msgs/lib/libbest_camera_app_msgs__rosidl_generator_c.so" to ""
[2.404s] -- Up-to-date: /home/dyjung/ros2_oneday/install/best_camera_app_msgs/include/best_camera_app_msgs/best_camera_app_msgs
[2.405s] -- Up-to-date: /home/dyjung/ros2_oneday/install/best_camera_app_msgs/include/best_camera_app_msgs/best_camera_app_msgs/msg
[2.405s] -- Up-to-date: /home/dyjung/ros2_oneday/install/best_camera_app_msgs/include/best_camera_app_msgs/best_camera_app_msgs/msg/rosidl_typesupport_fastrtps_c__visibility_control.h
[2.405s] -- Up-to-date: /home/dyjung/ros2_oneday/install/best_camera_app_msgs/include/best_camera_app_msgs/best_camera_app_msgs/srv
[2.405s] -- Up-to-date: /home/dyjung/ros2_oneday/install/best_camera_app_msgs/include/best_camera_app_msgs/best_camera_app_msgs/srv/detail
[2.405s] -- Installing: /home/dyjung/ros2_oneday/install/best_camera_app_msgs/include/best_camera_app_msgs/best_camera_app_msgs/srv/detail/camera_capture__rosidl_typesupport_fastrtps_c.h
[2.405s] -- Installing: /home/dyjung/ros2_oneday/install/best_camera_app_msgs/lib/libbest_camera_app_msgs__rosidl_typesupport_fastrtps_c.so
[2.405s] -- Set runtime path of "/home/dyjung/ros2_oneday/install/best_camera_app_msgs/lib/libbest_camera_app_msgs__rosidl_typesupport_fastrtps_c.so" to ""
[2.405s] -- Up-to-date: /home/dyjung/ros2_oneday/install/best_camera_app_msgs/include/best_camera_app_msgs/best_camera_app_msgs
[2.405s] -- Up-to-date: /home/dyjung/ros2_oneday/install/best_camera_app_msgs/include/best_camera_app_msgs/best_camera_app_msgs/msg
[2.405s] -- Up-to-date: /home/dyjung/ros2_oneday/install/best_camera_app_msgs/include/best_camera_app_msgs/best_camera_app_msgs/msg/rosidl_typesupport_introspection_c__visibility_control.h
[2.405s] -- Up-to-date: /home/dyjung/ros2_oneday/install/best_camera_app_msgs/include/best_camera_app_msgs/best_camera_app_msgs/srv
[2.405s] -- Up-to-date: /home/dyjung/ros2_oneday/install/best_camera_app_msgs/include/best_camera_app_msgs/best_camera_app_msgs/srv/detail
[2.405s] -- Installing: /home/dyjung/ros2_oneday/install/best_camera_app_msgs/include/best_camera_app_msgs/best_camera_app_msgs/srv/detail/camera_capture__type_support.c
[2.405s] -- Installing: /home/dyjung/ros2_oneday/install/best_camera_app_msgs/include/best_camera_app_msgs/best_camera_app_msgs/srv/detail/camera_capture__rosidl_typesupport_introspection_c.h
[2.405s] -- Installing: /home/dyjung/ros2_oneday/install/best_camera_app_msgs/lib/libbest_camera_app_msgs__rosidl_typesupport_introspection_c.so
[2.405s] -- Set runtime path of "/home/dyjung/ros2_oneday/install/best_camera_app_msgs/lib/libbest_camera_app_msgs__rosidl_typesupport_introspection_c.so" to ""
[2.406s] -- Installing: /home/dyjung/ros2_oneday/install/best_camera_app_msgs/lib/libbest_camera_app_msgs__rosidl_typesupport_c.so
[2.406s] -- Set runtime path of "/home/dyjung/ros2_oneday/install/best_camera_app_msgs/lib/libbest_camera_app_msgs__rosidl_typesupport_c.so" to ""
[2.406s] -- Up-to-date: /home/dyjung/ros2_oneday/install/best_camera_app_msgs/include/best_camera_app_msgs/best_camera_app_msgs
[2.406s] -- Up-to-date: /home/dyjung/ros2_oneday/install/best_camera_app_msgs/include/best_camera_app_msgs/best_camera_app_msgs/srv
[2.406s] -- Installing: /home/dyjung/ros2_oneday/install/best_camera_app_msgs/include/best_camera_app_msgs/best_camera_app_msgs/srv/camera_capture.hpp
[2.406s] -- Up-to-date: /home/dyjung/ros2_oneday/install/best_camera_app_msgs/include/best_camera_app_msgs/best_camera_app_msgs/srv/detail
[2.406s] -- Installing: /home/dyjung/ros2_oneday/install/best_camera_app_msgs/include/best_camera_app_msgs/best_camera_app_msgs/srv/detail/camera_capture__struct.hpp
[2.406s] -- Installing: /home/dyjung/ros2_oneday/install/best_camera_app_msgs/include/best_camera_app_msgs/best_camera_app_msgs/srv/detail/camera_capture__builder.hpp
[2.406s] -- Installing: /home/dyjung/ros2_oneday/install/best_camera_app_msgs/include/best_camera_app_msgs/best_camera_app_msgs/srv/detail/camera_capture__traits.hpp
[2.406s] -- Up-to-date: /home/dyjung/ros2_oneday/install/best_camera_app_msgs/include/best_camera_app_msgs/best_camera_app_msgs
[2.406s] -- Up-to-date: /home/dyjung/ros2_oneday/install/best_camera_app_msgs/include/best_camera_app_msgs/best_camera_app_msgs/msg
[2.406s] -- Up-to-date: /home/dyjung/ros2_oneday/install/best_camera_app_msgs/include/best_camera_app_msgs/best_camera_app_msgs/msg/rosidl_typesupport_fastrtps_cpp__visibility_control.h
[2.406s] -- Up-to-date: /home/dyjung/ros2_oneday/install/best_camera_app_msgs/include/best_camera_app_msgs/best_camera_app_msgs/srv
[2.407s] -- Up-to-date: /home/dyjung/ros2_oneday/install/best_camera_app_msgs/include/best_camera_app_msgs/best_camera_app_msgs/srv/detail
[2.407s] -- Up-to-date: /home/dyjung/ros2_oneday/install/best_camera_app_msgs/include/best_camera_app_msgs/best_camera_app_msgs/srv/detail/dds_fastrtps
[2.407s] -- Installing: /home/dyjung/ros2_oneday/install/best_camera_app_msgs/include/best_camera_app_msgs/best_camera_app_msgs/srv/detail/camera_capture__rosidl_typesupport_fastrtps_cpp.hpp
[2.407s] -- Installing: /home/dyjung/ros2_oneday/install/best_camera_app_msgs/lib/libbest_camera_app_msgs__rosidl_typesupport_fastrtps_cpp.so
[2.407s] -- Set runtime path of "/home/dyjung/ros2_oneday/install/best_camera_app_msgs/lib/libbest_camera_app_msgs__rosidl_typesupport_fastrtps_cpp.so" to ""
[2.407s] -- Up-to-date: /home/dyjung/ros2_oneday/install/best_camera_app_msgs/include/best_camera_app_msgs/best_camera_app_msgs
[2.407s] -- Up-to-date: /home/dyjung/ros2_oneday/install/best_camera_app_msgs/include/best_camera_app_msgs/best_camera_app_msgs/srv
[2.407s] -- Up-to-date: /home/dyjung/ros2_oneday/install/best_camera_app_msgs/include/best_camera_app_msgs/best_camera_app_msgs/srv/detail
[2.407s] -- Installing: /home/dyjung/ros2_oneday/install/best_camera_app_msgs/include/best_camera_app_msgs/best_camera_app_msgs/srv/detail/camera_capture__type_support.cpp
[2.407s] -- Installing: /home/dyjung/ros2_oneday/install/best_camera_app_msgs/include/best_camera_app_msgs/best_camera_app_msgs/srv/detail/camera_capture__rosidl_typesupport_introspection_cpp.hpp
[2.407s] -- Installing: /home/dyjung/ros2_oneday/install/best_camera_app_msgs/lib/libbest_camera_app_msgs__rosidl_typesupport_introspection_cpp.so
[2.407s] -- Set runtime path of "/home/dyjung/ros2_oneday/install/best_camera_app_msgs/lib/libbest_camera_app_msgs__rosidl_typesupport_introspection_cpp.so" to ""
[2.407s] -- Installing: /home/dyjung/ros2_oneday/install/best_camera_app_msgs/lib/libbest_camera_app_msgs__rosidl_typesupport_cpp.so
[2.407s] -- Set runtime path of "/home/dyjung/ros2_oneday/install/best_camera_app_msgs/lib/libbest_camera_app_msgs__rosidl_typesupport_cpp.so" to ""
[2.408s] -- Up-to-date: /home/dyjung/ros2_oneday/install/best_camera_app_msgs/share/best_camera_app_msgs/environment/pythonpath.sh
[2.408s] -- Installing: /home/dyjung/ros2_oneday/install/best_camera_app_msgs/share/best_camera_app_msgs/environment/pythonpath.dsv
[2.408s] -- Up-to-date: /home/dyjung/ros2_oneday/install/best_camera_app_msgs/local/lib/python3.10/dist-packages/best_camera_app_msgs-0.0.0-py3.10.egg-info
[2.408s] -- Installing: /home/dyjung/ros2_oneday/install/best_camera_app_msgs/local/lib/python3.10/dist-packages/best_camera_app_msgs-0.0.0-py3.10.egg-info/dependency_links.txt
[2.408s] -- Installing: /home/dyjung/ros2_oneday/install/best_camera_app_msgs/local/lib/python3.10/dist-packages/best_camera_app_msgs-0.0.0-py3.10.egg-info/SOURCES.txt
[2.408s] -- Installing: /home/dyjung/ros2_oneday/install/best_camera_app_msgs/local/lib/python3.10/dist-packages/best_camera_app_msgs-0.0.0-py3.10.egg-info/top_level.txt
[2.408s] -- Installing: /home/dyjung/ros2_oneday/install/best_camera_app_msgs/local/lib/python3.10/dist-packages/best_camera_app_msgs-0.0.0-py3.10.egg-info/PKG-INFO
[2.408s] -- Up-to-date: /home/dyjung/ros2_oneday/install/best_camera_app_msgs/local/lib/python3.10/dist-packages/best_camera_app_msgs
[2.408s] -- Installing: /home/dyjung/ros2_oneday/install/best_camera_app_msgs/local/lib/python3.10/dist-packages/best_camera_app_msgs/_best_camera_app_msgs_s.ep.rosidl_typesupport_introspection_c.c
[2.408s] -- Installing: /home/dyjung/ros2_oneday/install/best_camera_app_msgs/local/lib/python3.10/dist-packages/best_camera_app_msgs/best_camera_app_msgs_s__rosidl_typesupport_introspection_c.cpython-310-x86_64-linux-gnu.so
[2.408s] -- Installing: /home/dyjung/ros2_oneday/install/best_camera_app_msgs/local/lib/python3.10/dist-packages/best_camera_app_msgs/_best_camera_app_msgs_s.ep.rosidl_typesupport_c.c
[2.408s] -- Installing: /home/dyjung/ros2_oneday/install/best_camera_app_msgs/local/lib/python3.10/dist-packages/best_camera_app_msgs/_best_camera_app_msgs_s.ep.rosidl_typesupport_fastrtps_c.c
[2.408s] -- Installing: /home/dyjung/ros2_oneday/install/best_camera_app_msgs/local/lib/python3.10/dist-packages/best_camera_app_msgs/__init__.py
[2.408s] -- Up-to-date: /home/dyjung/ros2_oneday/install/best_camera_app_msgs/local/lib/python3.10/dist-packages/best_camera_app_msgs/srv
[2.408s] -- Installing: /home/dyjung/ros2_oneday/install/best_camera_app_msgs/local/lib/python3.10/dist-packages/best_camera_app_msgs/srv/_camera_capture.py
[2.409s] -- Installing: /home/dyjung/ros2_oneday/install/best_camera_app_msgs/local/lib/python3.10/dist-packages/best_camera_app_msgs/srv/_camera_capture_s.c
[2.409s] -- Installing: /home/dyjung/ros2_oneday/install/best_camera_app_msgs/local/lib/python3.10/dist-packages/best_camera_app_msgs/srv/__init__.py
[2.409s] -- Installing: /home/dyjung/ros2_oneday/install/best_camera_app_msgs/local/lib/python3.10/dist-packages/best_camera_app_msgs/best_camera_app_msgs_s__rosidl_typesupport_fastrtps_c.cpython-310-x86_64-linux-gnu.so
[2.409s] -- Installing: /home/dyjung/ros2_oneday/install/best_camera_app_msgs/local/lib/python3.10/dist-packages/best_camera_app_msgs/best_camera_app_msgs_s__rosidl_typesupport_c.cpython-310-x86_64-linux-gnu.so
[2.409s] -- Installing: /home/dyjung/ros2_oneday/install/best_camera_app_msgs/local/lib/python3.10/dist-packages/best_camera_app_msgs/libbest_camera_app_msgs__rosidl_generator_py.so
[2.435s] Listing '/home/dyjung/ros2_oneday/install/best_camera_app_msgs/local/lib/python3.10/dist-packages/best_camera_app_msgs'...
[2.435s] Compiling '/home/dyjung/ros2_oneday/install/best_camera_app_msgs/local/lib/python3.10/dist-packages/best_camera_app_msgs/__init__.py'...
[2.435s] Listing '/home/dyjung/ros2_oneday/install/best_camera_app_msgs/local/lib/python3.10/dist-packages/best_camera_app_msgs/srv'...
[2.435s] Compiling '/home/dyjung/ros2_oneday/install/best_camera_app_msgs/local/lib/python3.10/dist-packages/best_camera_app_msgs/srv/__init__.py'...
[2.435s] Compiling '/home/dyjung/ros2_oneday/install/best_camera_app_msgs/local/lib/python3.10/dist-packages/best_camera_app_msgs/srv/_camera_capture.py'...
[2.438s] -- Installing: /home/dyjung/ros2_oneday/install/best_camera_app_msgs/local/lib/python3.10/dist-packages/best_camera_app_msgs/best_camera_app_msgs_s__rosidl_typesupport_fastrtps_c.cpython-310-x86_64-linux-gnu.so
[2.439s] -- Set runtime path of "/home/dyjung/ros2_oneday/install/best_camera_app_msgs/local/lib/python3.10/dist-packages/best_camera_app_msgs/best_camera_app_msgs_s__rosidl_typesupport_fastrtps_c.cpython-310-x86_64-linux-gnu.so" to ""
[2.439s] -- Installing: /home/dyjung/ros2_oneday/install/best_camera_app_msgs/local/lib/python3.10/dist-packages/best_camera_app_msgs/best_camera_app_msgs_s__rosidl_typesupport_introspection_c.cpython-310-x86_64-linux-gnu.so
[2.439s] -- Set runtime path of "/home/dyjung/ros2_oneday/install/best_camera_app_msgs/local/lib/python3.10/dist-packages/best_camera_app_msgs/best_camera_app_msgs_s__rosidl_typesupport_introspection_c.cpython-310-x86_64-linux-gnu.so" to ""
[2.439s] -- Installing: /home/dyjung/ros2_oneday/install/best_camera_app_msgs/local/lib/python3.10/dist-packages/best_camera_app_msgs/best_camera_app_msgs_s__rosidl_typesupport_c.cpython-310-x86_64-linux-gnu.so
[2.439s] -- Set runtime path of "/home/dyjung/ros2_oneday/install/best_camera_app_msgs/local/lib/python3.10/dist-packages/best_camera_app_msgs/best_camera_app_msgs_s__rosidl_typesupport_c.cpython-310-x86_64-linux-gnu.so" to ""
[2.439s] -- Installing: /home/dyjung/ros2_oneday/install/best_camera_app_msgs/lib/libbest_camera_app_msgs__rosidl_generator_py.so
[2.439s] -- Set runtime path of "/home/dyjung/ros2_oneday/install/best_camera_app_msgs/lib/libbest_camera_app_msgs__rosidl_generator_py.so" to ""
[2.439s] -- Installing: /home/dyjung/ros2_oneday/install/best_camera_app_msgs/share/best_camera_app_msgs/srv/CameraCapture.idl
[2.440s] -- Installing: /home/dyjung/ros2_oneday/install/best_camera_app_msgs/share/best_camera_app_msgs/srv/CameraCapture.srv
[2.440s] -- Up-to-date: /home/dyjung/ros2_oneday/install/best_camera_app_msgs/share/best_camera_app_msgs/srv/CameraCapture_Request.msg
[2.440s] -- Installing: /home/dyjung/ros2_oneday/install/best_camera_app_msgs/share/best_camera_app_msgs/srv/CameraCapture_Response.msg
[2.440s] -- Up-to-date: /home/dyjung/ros2_oneday/install/best_camera_app_msgs/share/ament_index/resource_index/package_run_dependencies/best_camera_app_msgs
[2.440s] -- Up-to-date: /home/dyjung/ros2_oneday/install/best_camera_app_msgs/share/ament_index/resource_index/parent_prefix_path/best_camera_app_msgs
[2.440s] -- Up-to-date: /home/dyjung/ros2_oneday/install/best_camera_app_msgs/share/best_camera_app_msgs/environment/ament_prefix_path.sh
[2.440s] -- Installing: /home/dyjung/ros2_oneday/install/best_camera_app_msgs/share/best_camera_app_msgs/environment/ament_prefix_path.dsv
[2.440s] -- Up-to-date: /home/dyjung/ros2_oneday/install/best_camera_app_msgs/share/best_camera_app_msgs/environment/path.sh
[2.440s] -- Installing: /home/dyjung/ros2_oneday/install/best_camera_app_msgs/share/best_camera_app_msgs/environment/path.dsv
[2.440s] -- Up-to-date: /home/dyjung/ros2_oneday/install/best_camera_app_msgs/share/best_camera_app_msgs/local_setup.bash
[2.440s] -- Up-to-date: /home/dyjung/ros2_oneday/install/best_camera_app_msgs/share/best_camera_app_msgs/local_setup.sh
[2.440s] -- Up-to-date: /home/dyjung/ros2_oneday/install/best_camera_app_msgs/share/best_camera_app_msgs/local_setup.zsh
[2.440s] -- Installing: /home/dyjung/ros2_oneday/install/best_camera_app_msgs/share/best_camera_app_msgs/local_setup.dsv
[2.440s] -- Installing: /home/dyjung/ros2_oneday/install/best_camera_app_msgs/share/best_camera_app_msgs/package.dsv
[2.440s] -- Up-to-date: /home/dyjung/ros2_oneday/install/best_camera_app_msgs/share/ament_index/resource_index/packages/best_camera_app_msgs
[2.440s] -- Up-to-date: /home/dyjung/ros2_oneday/install/best_camera_app_msgs/share/best_camera_app_msgs/cmake/export_best_camera_app_msgs__rosidl_generator_cExport.cmake
[2.441s] -- Up-to-date: /home/dyjung/ros2_oneday/install/best_camera_app_msgs/share/best_camera_app_msgs/cmake/export_best_camera_app_msgs__rosidl_generator_cExport-noconfig.cmake
[2.441s] -- Up-to-date: /home/dyjung/ros2_oneday/install/best_camera_app_msgs/share/best_camera_app_msgs/cmake/export_best_camera_app_msgs__rosidl_typesupport_fastrtps_cExport.cmake
[2.441s] -- Up-to-date: /home/dyjung/ros2_oneday/install/best_camera_app_msgs/share/best_camera_app_msgs/cmake/export_best_camera_app_msgs__rosidl_typesupport_fastrtps_cExport-noconfig.cmake
[2.441s] -- Up-to-date: /home/dyjung/ros2_oneday/install/best_camera_app_msgs/share/best_camera_app_msgs/cmake/best_camera_app_msgs__rosidl_typesupport_introspection_cExport.cmake
[2.441s] -- Up-to-date: /home/dyjung/ros2_oneday/install/best_camera_app_msgs/share/best_camera_app_msgs/cmake/best_camera_app_msgs__rosidl_typesupport_introspection_cExport-noconfig.cmake
[2.441s] -- Up-to-date: /home/dyjung/ros2_oneday/install/best_camera_app_msgs/share/best_camera_app_msgs/cmake/best_camera_app_msgs__rosidl_typesupport_cExport.cmake
[2.441s] -- Up-to-date: /home/dyjung/ros2_oneday/install/best_camera_app_msgs/share/best_camera_app_msgs/cmake/best_camera_app_msgs__rosidl_typesupport_cExport-noconfig.cmake
[2.441s] -- Up-to-date: /home/dyjung/ros2_oneday/install/best_camera_app_msgs/share/best_camera_app_msgs/cmake/export_best_camera_app_msgs__rosidl_generator_cppExport.cmake
[2.441s] -- Up-to-date: /home/dyjung/ros2_oneday/install/best_camera_app_msgs/share/best_camera_app_msgs/cmake/export_best_camera_app_msgs__rosidl_typesupport_fastrtps_cppExport.cmake
[2.441s] -- Up-to-date: /home/dyjung/ros2_oneday/install/best_camera_app_msgs/share/best_camera_app_msgs/cmake/export_best_camera_app_msgs__rosidl_typesupport_fastrtps_cppExport-noconfig.cmake
[2.441s] -- Up-to-date: /home/dyjung/ros2_oneday/install/best_camera_app_msgs/share/best_camera_app_msgs/cmake/best_camera_app_msgs__rosidl_typesupport_introspection_cppExport.cmake
[2.441s] -- Up-to-date: /home/dyjung/ros2_oneday/install/best_camera_app_msgs/share/best_camera_app_msgs/cmake/best_camera_app_msgs__rosidl_typesupport_introspection_cppExport-noconfig.cmake
[2.441s] -- Up-to-date: /home/dyjung/ros2_oneday/install/best_camera_app_msgs/share/best_camera_app_msgs/cmake/best_camera_app_msgs__rosidl_typesupport_cppExport.cmake
[2.441s] -- Up-to-date: /home/dyjung/ros2_oneday/install/best_camera_app_msgs/share/best_camera_app_msgs/cmake/best_camera_app_msgs__rosidl_typesupport_cppExport-noconfig.cmake
[2.441s] -- Up-to-date: /home/dyjung/ros2_oneday/install/best_camera_app_msgs/share/best_camera_app_msgs/cmake/export_best_camera_app_msgs__rosidl_generator_pyExport.cmake
[2.441s] -- Up-to-date: /home/dyjung/ros2_oneday/install/best_camera_app_msgs/share/best_camera_app_msgs/cmake/export_best_camera_app_msgs__rosidl_generator_pyExport-noconfig.cmake
[2.441s] -- Up-to-date: /home/dyjung/ros2_oneday/install/best_camera_app_msgs/share/best_camera_app_msgs/cmake/rosidl_cmake-extras.cmake
[2.441s] -- Up-to-date: /home/dyjung/ros2_oneday/install/best_camera_app_msgs/share/best_camera_app_msgs/cmake/ament_cmake_export_include_directories-extras.cmake
[2.442s] -- Up-to-date: /home/dyjung/ros2_oneday/install/best_camera_app_msgs/share/best_camera_app_msgs/cmake/ament_cmake_export_libraries-extras.cmake
[2.442s] -- Up-to-date: /home/dyjung/ros2_oneday/install/best_camera_app_msgs/share/best_camera_app_msgs/cmake/ament_cmake_export_targets-extras.cmake
[2.442s] -- Up-to-date: /home/dyjung/ros2_oneday/install/best_camera_app_msgs/share/best_camera_app_msgs/cmake/rosidl_cmake_export_typesupport_targets-extras.cmake
[2.442s] -- Up-to-date: /home/dyjung/ros2_oneday/install/best_camera_app_msgs/share/best_camera_app_msgs/cmake/ament_cmake_export_dependencies-extras.cmake
[2.442s] -- Up-to-date: /home/dyjung/ros2_oneday/install/best_camera_app_msgs/share/best_camera_app_msgs/cmake/rosidl_cmake_export_typesupport_libraries-extras.cmake
[2.442s] -- Up-to-date: /home/dyjung/ros2_oneday/install/best_camera_app_msgs/share/best_camera_app_msgs/cmake/best_camera_app_msgsConfig.cmake
[2.442s] -- Up-to-date: /home/dyjung/ros2_oneday/install/best_camera_app_msgs/share/best_camera_app_msgs/cmake/best_camera_app_msgsConfig-version.cmake
[2.442s] -- Up-to-date: /home/dyjung/ros2_oneday/install/best_camera_app_msgs/share/best_camera_app_msgs/package.xml
[2.443s] Invoked command in '/home/dyjung/ros2_oneday/build/best_camera_app_msgs' returned '0': CMAKE_PREFIX_PATH=${CMAKE_PREFIX_PATH}:/home/dyjung/ros2_oneday/install/best_camera_app:/opt/ros/humble /usr/bin/cmake --install /home/dyjung/ros2_oneday/build/best_camera_app_msgs
