[0.093s] DEBUG:colcon:Command line arguments: ['/usr/bin/colcon', 'build']
[0.093s] DEBUG:colcon:Parsed command line arguments: Namespace(log_base=None, log_level=None, verb_name='build', build_base='build', install_base='install', merge_install=False, symlink_install=False, test_result_base=None, continue_on_error=False, executor='parallel', parallel_workers=12, event_handlers=None, ignore_user_meta=False, metas=['./colcon.meta'], base_paths=['.'], packages_ignore=None, packages_ignore_regex=None, paths=None, packages_up_to=None, packages_up_to_regex=None, packages_above=None, packages_above_and_dependencies=None, packages_above_depth=None, packages_select_by_dep=None, packages_skip_by_dep=None, packages_skip_up_to=None, packages_select_build_failed=False, packages_skip_build_finished=False, packages_select_test_failures=False, packages_skip_test_passed=False, packages_select=None, packages_skip=None, packages_select_regex=None, packages_skip_regex=None, packages_start=None, packages_end=None, allow_overriding=[], cmake_args=None, cmake_target=None, cmake_target_skip_unavailable=False, cmake_clean_cache=False, cmake_clean_first=False, cmake_force_configure=False, ament_cmake_args=None, catkin_cmake_args=None, catkin_skip_building_tests=False, verb_parser=<colcon_defaults.argument_parser.defaults.DefaultArgumentsDecorator object at 0x73b612dfb190>, verb_extension=<colcon_core.verb.build.BuildVerb object at 0x73b612dfad40>, main=<bound method BuildVerb.main of <colcon_core.verb.build.BuildVerb object at 0x73b612dfad40>>)
[0.258s] Level 1:colcon.colcon_core.package_discovery:discover_packages(colcon_meta) check parameters
[0.258s] Level 1:colcon.colcon_core.package_discovery:discover_packages(recursive) check parameters
[0.258s] Level 1:colcon.colcon_core.package_discovery:discover_packages(ignore) check parameters
[0.258s] Level 1:colcon.colcon_core.package_discovery:discover_packages(path) check parameters
[0.258s] Level 1:colcon.colcon_core.package_discovery:discover_packages(colcon_meta) discover
[0.258s] Level 1:colcon.colcon_core.package_discovery:discover_packages(recursive) discover
[0.258s] INFO:colcon.colcon_core.package_discovery:Crawling recursively for packages in '/home/dyjung/ros2_oneday'
[0.258s] Level 1:colcon.colcon_core.package_identification:_identify(.) by extensions ['ignore', 'ignore_ament_install']
[0.258s] Level 1:colcon.colcon_core.package_identification:_identify(.) by extension 'ignore'
[0.258s] Level 1:colcon.colcon_core.package_identification:_identify(.) by extension 'ignore_ament_install'
[0.258s] Level 1:colcon.colcon_core.package_identification:_identify(.) by extensions ['colcon_pkg']
[0.258s] Level 1:colcon.colcon_core.package_identification:_identify(.) by extension 'colcon_pkg'
[0.258s] Level 1:colcon.colcon_core.package_identification:_identify(.) by extensions ['colcon_meta']
[0.258s] Level 1:colcon.colcon_core.package_identification:_identify(.) by extension 'colcon_meta'
[0.258s] Level 1:colcon.colcon_core.package_identification:_identify(.) by extensions ['ros']
[0.258s] Level 1:colcon.colcon_core.package_identification:_identify(.) by extension 'ros'
[0.269s] Level 1:colcon.colcon_core.package_identification:_identify(.) by extensions ['cmake', 'python']
[0.269s] Level 1:colcon.colcon_core.package_identification:_identify(.) by extension 'cmake'
[0.269s] Level 1:colcon.colcon_core.package_identification:_identify(.) by extension 'python'
[0.269s] Level 1:colcon.colcon_core.package_identification:_identify(.) by extensions ['python_setup_py']
[0.269s] Level 1:colcon.colcon_core.package_identification:_identify(.) by extension 'python_setup_py'
[0.269s] Level 1:colcon.colcon_core.package_identification:_identify(build) by extensions ['ignore', 'ignore_ament_install']
[0.269s] Level 1:colcon.colcon_core.package_identification:_identify(build) by extension 'ignore'
[0.269s] Level 1:colcon.colcon_core.package_identification:_identify(build) ignored
[0.269s] Level 1:colcon.colcon_core.package_identification:_identify(install) by extensions ['ignore', 'ignore_ament_install']
[0.269s] Level 1:colcon.colcon_core.package_identification:_identify(install) by extension 'ignore'
[0.269s] Level 1:colcon.colcon_core.package_identification:_identify(install) ignored
[0.269s] Level 1:colcon.colcon_core.package_identification:_identify(log) by extensions ['ignore', 'ignore_ament_install']
[0.269s] Level 1:colcon.colcon_core.package_identification:_identify(log) by extension 'ignore'
[0.269s] Level 1:colcon.colcon_core.package_identification:_identify(log) ignored
[0.270s] Level 1:colcon.colcon_core.package_identification:_identify(src) by extensions ['ignore', 'ignore_ament_install']
[0.270s] Level 1:colcon.colcon_core.package_identification:_identify(src) by extension 'ignore'
[0.270s] Level 1:colcon.colcon_core.package_identification:_identify(src) by extension 'ignore_ament_install'
[0.270s] Level 1:colcon.colcon_core.package_identification:_identify(src) by extensions ['colcon_pkg']
[0.270s] Level 1:colcon.colcon_core.package_identification:_identify(src) by extension 'colcon_pkg'
[0.270s] Level 1:colcon.colcon_core.package_identification:_identify(src) by extensions ['colcon_meta']
[0.270s] Level 1:colcon.colcon_core.package_identification:_identify(src) by extension 'colcon_meta'
[0.270s] Level 1:colcon.colcon_core.package_identification:_identify(src) by extensions ['ros']
[0.270s] Level 1:colcon.colcon_core.package_identification:_identify(src) by extension 'ros'
[0.270s] Level 1:colcon.colcon_core.package_identification:_identify(src) by extensions ['cmake', 'python']
[0.270s] Level 1:colcon.colcon_core.package_identification:_identify(src) by extension 'cmake'
[0.270s] Level 1:colcon.colcon_core.package_identification:_identify(src) by extension 'python'
[0.270s] Level 1:colcon.colcon_core.package_identification:_identify(src) by extensions ['python_setup_py']
[0.270s] Level 1:colcon.colcon_core.package_identification:_identify(src) by extension 'python_setup_py'
[0.270s] Level 1:colcon.colcon_core.package_identification:_identify(src/best_camera_app) by extensions ['ignore', 'ignore_ament_install']
[0.270s] Level 1:colcon.colcon_core.package_identification:_identify(src/best_camera_app) by extension 'ignore'
[0.270s] Level 1:colcon.colcon_core.package_identification:_identify(src/best_camera_app) by extension 'ignore_ament_install'
[0.270s] Level 1:colcon.colcon_core.package_identification:_identify(src/best_camera_app) by extensions ['colcon_pkg']
[0.270s] Level 1:colcon.colcon_core.package_identification:_identify(src/best_camera_app) by extension 'colcon_pkg'
[0.270s] Level 1:colcon.colcon_core.package_identification:_identify(src/best_camera_app) by extensions ['colcon_meta']
[0.270s] Level 1:colcon.colcon_core.package_identification:_identify(src/best_camera_app) by extension 'colcon_meta'
[0.270s] Level 1:colcon.colcon_core.package_identification:_identify(src/best_camera_app) by extensions ['ros']
[0.270s] Level 1:colcon.colcon_core.package_identification:_identify(src/best_camera_app) by extension 'ros'
[0.272s] DEBUG:colcon.colcon_core.package_identification:Package 'src/best_camera_app' with type 'ros.ament_python' and name 'best_camera_app'
[0.273s] Level 1:colcon.colcon_core.package_identification:_identify(src/best_camera_app_msgs) by extensions ['ignore', 'ignore_ament_install']
[0.273s] Level 1:colcon.colcon_core.package_identification:_identify(src/best_camera_app_msgs) by extension 'ignore'
[0.273s] Level 1:colcon.colcon_core.package_identification:_identify(src/best_camera_app_msgs) by extension 'ignore_ament_install'
[0.273s] Level 1:colcon.colcon_core.package_identification:_identify(src/best_camera_app_msgs) by extensions ['colcon_pkg']
[0.273s] Level 1:colcon.colcon_core.package_identification:_identify(src/best_camera_app_msgs) by extension 'colcon_pkg'
[0.273s] Level 1:colcon.colcon_core.package_identification:_identify(src/best_camera_app_msgs) by extensions ['colcon_meta']
[0.273s] Level 1:colcon.colcon_core.package_identification:_identify(src/best_camera_app_msgs) by extension 'colcon_meta'
[0.273s] Level 1:colcon.colcon_core.package_identification:_identify(src/best_camera_app_msgs) by extensions ['ros']
[0.273s] Level 1:colcon.colcon_core.package_identification:_identify(src/best_camera_app_msgs) by extension 'ros'
[0.274s] DEBUG:colcon.colcon_core.package_identification:Package 'src/best_camera_app_msgs' with type 'ros.ament_cmake' and name 'best_camera_app_msgs'
[0.274s] Level 1:colcon.colcon_core.package_discovery:discover_packages(recursive) using defaults
[0.274s] Level 1:colcon.colcon_core.package_discovery:discover_packages(ignore) discover
[0.274s] Level 1:colcon.colcon_core.package_discovery:discover_packages(ignore) using defaults
[0.274s] Level 1:colcon.colcon_core.package_discovery:discover_packages(path) discover
[0.274s] Level 1:colcon.colcon_core.package_discovery:discover_packages(path) using defaults
[0.309s] Level 1:colcon.colcon_core.package_discovery:discover_packages(prefix_path) check parameters
[0.309s] Level 1:colcon.colcon_core.package_discovery:discover_packages(prefix_path) discover
[0.311s] DEBUG:colcon.colcon_installed_package_information.package_discovery:Found 2 installed packages in /home/dyjung/ros2_oneday/install
[0.312s] DEBUG:colcon.colcon_installed_package_information.package_discovery:Found 298 installed packages in /opt/ros/humble
[0.313s] Level 1:colcon.colcon_core.package_discovery:discover_packages(prefix_path) using defaults
[0.348s] Level 5:colcon.colcon_core.verb:set package 'best_camera_app' build argument 'cmake_args' from command line to 'None'
[0.348s] Level 5:colcon.colcon_core.verb:set package 'best_camera_app' build argument 'cmake_target' from command line to 'None'
[0.348s] Level 5:colcon.colcon_core.verb:set package 'best_camera_app' build argument 'cmake_target_skip_unavailable' from command line to 'False'
[0.348s] Level 5:colcon.colcon_core.verb:set package 'best_camera_app' build argument 'cmake_clean_cache' from command line to 'False'
[0.348s] Level 5:colcon.colcon_core.verb:set package 'best_camera_app' build argument 'cmake_clean_first' from command line to 'False'
[0.348s] Level 5:colcon.colcon_core.verb:set package 'best_camera_app' build argument 'cmake_force_configure' from command line to 'False'
[0.348s] Level 5:colcon.colcon_core.verb:set package 'best_camera_app' build argument 'ament_cmake_args' from command line to 'None'
[0.348s] Level 5:colcon.colcon_core.verb:set package 'best_camera_app' build argument 'catkin_cmake_args' from command line to 'None'
[0.348s] Level 5:colcon.colcon_core.verb:set package 'best_camera_app' build argument 'catkin_skip_building_tests' from command line to 'False'
[0.348s] DEBUG:colcon.colcon_core.verb:Building package 'best_camera_app' with the following arguments: {'ament_cmake_args': None, 'build_base': '/home/dyjung/ros2_oneday/build/best_camera_app', 'catkin_cmake_args': None, 'catkin_skip_building_tests': False, 'cmake_args': None, 'cmake_clean_cache': False, 'cmake_clean_first': False, 'cmake_force_configure': False, 'cmake_target': None, 'cmake_target_skip_unavailable': False, 'install_base': '/home/dyjung/ros2_oneday/install/best_camera_app', 'merge_install': False, 'path': '/home/dyjung/ros2_oneday/src/best_camera_app', 'symlink_install': False, 'test_result_base': None}
[0.348s] Level 5:colcon.colcon_core.verb:set package 'best_camera_app_msgs' build argument 'cmake_args' from command line to 'None'
[0.348s] Level 5:colcon.colcon_core.verb:set package 'best_camera_app_msgs' build argument 'cmake_target' from command line to 'None'
[0.348s] Level 5:colcon.colcon_core.verb:set package 'best_camera_app_msgs' build argument 'cmake_target_skip_unavailable' from command line to 'False'
[0.349s] Level 5:colcon.colcon_core.verb:set package 'best_camera_app_msgs' build argument 'cmake_clean_cache' from command line to 'False'
[0.349s] Level 5:colcon.colcon_core.verb:set package 'best_camera_app_msgs' build argument 'cmake_clean_first' from command line to 'False'
[0.349s] Level 5:colcon.colcon_core.verb:set package 'best_camera_app_msgs' build argument 'cmake_force_configure' from command line to 'False'
[0.349s] Level 5:colcon.colcon_core.verb:set package 'best_camera_app_msgs' build argument 'ament_cmake_args' from command line to 'None'
[0.349s] Level 5:colcon.colcon_core.verb:set package 'best_camera_app_msgs' build argument 'catkin_cmake_args' from command line to 'None'
[0.349s] Level 5:colcon.colcon_core.verb:set package 'best_camera_app_msgs' build argument 'catkin_skip_building_tests' from command line to 'False'
[0.349s] DEBUG:colcon.colcon_core.verb:Building package 'best_camera_app_msgs' with the following arguments: {'ament_cmake_args': None, 'build_base': '/home/dyjung/ros2_oneday/build/best_camera_app_msgs', 'catkin_cmake_args': None, 'catkin_skip_building_tests': False, 'cmake_args': None, 'cmake_clean_cache': False, 'cmake_clean_first': False, 'cmake_force_configure': False, 'cmake_target': None, 'cmake_target_skip_unavailable': False, 'install_base': '/home/dyjung/ros2_oneday/install/best_camera_app_msgs', 'merge_install': False, 'path': '/home/dyjung/ros2_oneday/src/best_camera_app_msgs', 'symlink_install': False, 'test_result_base': None}
[0.349s] INFO:colcon.colcon_core.executor:Executing jobs using 'parallel' executor
[0.350s] DEBUG:colcon.colcon_parallel_executor.executor.parallel:run_until_complete
[0.350s] INFO:colcon.colcon_ros.task.ament_python.build:Building ROS package in '/home/dyjung/ros2_oneday/src/best_camera_app' with build type 'ament_python'
[0.350s] Level 1:colcon.colcon_core.shell:create_environment_hook('best_camera_app', 'ament_prefix_path')
[0.352s] INFO:colcon.colcon_core.plugin_system:Skipping extension 'colcon_core.shell.bat': Not used on non-Windows systems
[0.352s] INFO:colcon.colcon_core.shell:Creating environment hook '/home/dyjung/ros2_oneday/install/best_camera_app/share/best_camera_app/hook/ament_prefix_path.ps1'
[0.353s] INFO:colcon.colcon_core.shell:Creating environment descriptor '/home/dyjung/ros2_oneday/install/best_camera_app/share/best_camera_app/hook/ament_prefix_path.dsv'
[0.353s] INFO:colcon.colcon_core.shell:Creating environment hook '/home/dyjung/ros2_oneday/install/best_camera_app/share/best_camera_app/hook/ament_prefix_path.sh'
[0.354s] INFO:colcon.colcon_core.shell:Skip shell extension 'powershell' for command environment: Not usable outside of PowerShell
[0.354s] DEBUG:colcon.colcon_core.shell:Skip shell extension 'dsv' for command environment
[0.356s] INFO:colcon.colcon_ros.task.ament_cmake.build:Building ROS package in '/home/dyjung/ros2_oneday/src/best_camera_app_msgs' with build type 'ament_cmake'
[0.356s] INFO:colcon.colcon_cmake.task.cmake.build:Building CMake package in '/home/dyjung/ros2_oneday/src/best_camera_app_msgs'
[0.356s] INFO:colcon.colcon_core.shell:Skip shell extension 'powershell' for command environment: Not usable outside of PowerShell
[0.357s] DEBUG:colcon.colcon_core.shell:Skip shell extension 'dsv' for command environment
[0.606s] INFO:colcon.colcon_core.task.python.build:Building Python package in '/home/dyjung/ros2_oneday/src/best_camera_app'
[0.607s] INFO:colcon.colcon_core.shell:Skip shell extension 'powershell' for command environment: Not usable outside of PowerShell
[0.607s] DEBUG:colcon.colcon_core.shell:Skip shell extension 'dsv' for command environment
[0.612s] DEBUG:colcon.colcon_core.event_handler.log_command:Invoking command in '/home/dyjung/ros2_oneday/build/best_camera_app_msgs': CMAKE_PREFIX_PATH=${CMAKE_PREFIX_PATH}:/home/dyjung/ros2_oneday/install/best_camera_app:/opt/ros/humble /usr/bin/cmake --build /home/dyjung/ros2_oneday/build/best_camera_app_msgs -- -j12 -l12
[0.974s] DEBUG:colcon.colcon_core.event_handler.log_command:Invoked command in '/home/dyjung/ros2_oneday/build/best_camera_app_msgs' returned '0': CMAKE_PREFIX_PATH=${CMAKE_PREFIX_PATH}:/home/dyjung/ros2_oneday/install/best_camera_app:/opt/ros/humble /usr/bin/cmake --build /home/dyjung/ros2_oneday/build/best_camera_app_msgs -- -j12 -l12
[0.992s] DEBUG:colcon.colcon_core.event_handler.log_command:Invoking command in '/home/dyjung/ros2_oneday/src/best_camera_app': PYTHONPATH=/home/dyjung/ros2_oneday/build/best_camera_app/prefix_override:/home/dyjung/ros2_oneday/install/best_camera_app/lib/python3.10/site-packages:${PYTHONPATH} /usr/bin/python3 -W ignore:setup.py install is deprecated setup.py egg_info --egg-base ../../build/best_camera_app build --build-base /home/dyjung/ros2_oneday/build/best_camera_app/build install --record /home/dyjung/ros2_oneday/build/best_camera_app/install.log --single-version-externally-managed install_data
[1.029s] DEBUG:colcon.colcon_core.event_handler.log_command:Invoking command in '/home/dyjung/ros2_oneday/build/best_camera_app_msgs': CMAKE_PREFIX_PATH=${CMAKE_PREFIX_PATH}:/home/dyjung/ros2_oneday/install/best_camera_app:/opt/ros/humble /usr/bin/cmake --install /home/dyjung/ros2_oneday/build/best_camera_app_msgs
[1.076s] Level 1:colcon.colcon_core.environment:create_environment_scripts_only(best_camera_app_msgs)
[1.077s] DEBUG:colcon.colcon_core.event_handler.log_command:Invoked command in '/home/dyjung/ros2_oneday/build/best_camera_app_msgs' returned '0': CMAKE_PREFIX_PATH=${CMAKE_PREFIX_PATH}:/home/dyjung/ros2_oneday/install/best_camera_app:/opt/ros/humble /usr/bin/cmake --install /home/dyjung/ros2_oneday/build/best_camera_app_msgs
[1.080s] Level 1:colcon.colcon_core.environment:checking '/home/dyjung/ros2_oneday/install/best_camera_app_msgs' for CMake module files
[1.081s] Level 1:colcon.colcon_core.environment:checking '/home/dyjung/ros2_oneday/install/best_camera_app_msgs' for CMake config files
[1.081s] Level 1:colcon.colcon_core.shell:create_environment_hook('best_camera_app_msgs', 'cmake_prefix_path')
[1.081s] INFO:colcon.colcon_core.shell:Creating environment hook '/home/dyjung/ros2_oneday/install/best_camera_app_msgs/share/best_camera_app_msgs/hook/cmake_prefix_path.ps1'
[1.082s] INFO:colcon.colcon_core.shell:Creating environment descriptor '/home/dyjung/ros2_oneday/install/best_camera_app_msgs/share/best_camera_app_msgs/hook/cmake_prefix_path.dsv'
[1.082s] INFO:colcon.colcon_core.shell:Creating environment hook '/home/dyjung/ros2_oneday/install/best_camera_app_msgs/share/best_camera_app_msgs/hook/cmake_prefix_path.sh'
[1.083s] Level 1:colcon.colcon_core.environment:checking '/home/dyjung/ros2_oneday/install/best_camera_app_msgs/lib'
[1.083s] Level 1:colcon.colcon_core.shell:create_environment_hook('best_camera_app_msgs', 'ld_library_path_lib')
[1.084s] INFO:colcon.colcon_core.shell:Creating environment hook '/home/dyjung/ros2_oneday/install/best_camera_app_msgs/share/best_camera_app_msgs/hook/ld_library_path_lib.ps1'
[1.084s] INFO:colcon.colcon_core.shell:Creating environment descriptor '/home/dyjung/ros2_oneday/install/best_camera_app_msgs/share/best_camera_app_msgs/hook/ld_library_path_lib.dsv'
[1.084s] INFO:colcon.colcon_core.shell:Creating environment hook '/home/dyjung/ros2_oneday/install/best_camera_app_msgs/share/best_camera_app_msgs/hook/ld_library_path_lib.sh'
[1.085s] Level 1:colcon.colcon_core.environment:checking '/home/dyjung/ros2_oneday/install/best_camera_app_msgs/bin'
[1.085s] Level 1:colcon.colcon_core.environment:checking '/home/dyjung/ros2_oneday/install/best_camera_app_msgs/lib/pkgconfig/best_camera_app_msgs.pc'
[1.085s] Level 1:colcon.colcon_core.environment:checking '/home/dyjung/ros2_oneday/install/best_camera_app_msgs/lib/python3.10/site-packages'
[1.085s] Level 1:colcon.colcon_core.environment:checking '/home/dyjung/ros2_oneday/install/best_camera_app_msgs/bin'
[1.086s] INFO:colcon.colcon_core.shell:Creating package script '/home/dyjung/ros2_oneday/install/best_camera_app_msgs/share/best_camera_app_msgs/package.ps1'
[1.087s] INFO:colcon.colcon_core.shell:Creating package descriptor '/home/dyjung/ros2_oneday/install/best_camera_app_msgs/share/best_camera_app_msgs/package.dsv'
[1.087s] INFO:colcon.colcon_core.shell:Creating package script '/home/dyjung/ros2_oneday/install/best_camera_app_msgs/share/best_camera_app_msgs/package.sh'
[1.088s] INFO:colcon.colcon_core.shell:Creating package script '/home/dyjung/ros2_oneday/install/best_camera_app_msgs/share/best_camera_app_msgs/package.bash'
[1.089s] INFO:colcon.colcon_core.shell:Creating package script '/home/dyjung/ros2_oneday/install/best_camera_app_msgs/share/best_camera_app_msgs/package.zsh'
[1.090s] Level 1:colcon.colcon_core.environment:create_file_with_runtime_dependencies(/home/dyjung/ros2_oneday/install/best_camera_app_msgs/share/colcon-core/packages/best_camera_app_msgs)
[1.132s] Level 1:colcon.colcon_core.environment:create_environment_scripts_only(best_camera_app_msgs)
[1.132s] Level 1:colcon.colcon_core.environment:checking '/home/dyjung/ros2_oneday/install/best_camera_app_msgs' for CMake module files
[1.133s] Level 1:colcon.colcon_core.environment:checking '/home/dyjung/ros2_oneday/install/best_camera_app_msgs' for CMake config files
[1.133s] Level 1:colcon.colcon_core.shell:create_environment_hook('best_camera_app_msgs', 'cmake_prefix_path')
[1.133s] INFO:colcon.colcon_core.shell:Creating environment hook '/home/dyjung/ros2_oneday/install/best_camera_app_msgs/share/best_camera_app_msgs/hook/cmake_prefix_path.ps1'
[1.134s] INFO:colcon.colcon_core.shell:Creating environment descriptor '/home/dyjung/ros2_oneday/install/best_camera_app_msgs/share/best_camera_app_msgs/hook/cmake_prefix_path.dsv'
[1.134s] INFO:colcon.colcon_core.shell:Creating environment hook '/home/dyjung/ros2_oneday/install/best_camera_app_msgs/share/best_camera_app_msgs/hook/cmake_prefix_path.sh'
[1.134s] Level 1:colcon.colcon_core.environment:checking '/home/dyjung/ros2_oneday/install/best_camera_app_msgs/lib'
[1.134s] Level 1:colcon.colcon_core.shell:create_environment_hook('best_camera_app_msgs', 'ld_library_path_lib')
[1.135s] INFO:colcon.colcon_core.shell:Creating environment hook '/home/dyjung/ros2_oneday/install/best_camera_app_msgs/share/best_camera_app_msgs/hook/ld_library_path_lib.ps1'
[1.135s] INFO:colcon.colcon_core.shell:Creating environment descriptor '/home/dyjung/ros2_oneday/install/best_camera_app_msgs/share/best_camera_app_msgs/hook/ld_library_path_lib.dsv'
[1.135s] INFO:colcon.colcon_core.shell:Creating environment hook '/home/dyjung/ros2_oneday/install/best_camera_app_msgs/share/best_camera_app_msgs/hook/ld_library_path_lib.sh'
[1.135s] Level 1:colcon.colcon_core.environment:checking '/home/dyjung/ros2_oneday/install/best_camera_app_msgs/bin'
[1.135s] Level 1:colcon.colcon_core.environment:checking '/home/dyjung/ros2_oneday/install/best_camera_app_msgs/lib/pkgconfig/best_camera_app_msgs.pc'
[1.136s] Level 1:colcon.colcon_core.environment:checking '/home/dyjung/ros2_oneday/install/best_camera_app_msgs/lib/python3.10/site-packages'
[1.136s] Level 1:colcon.colcon_core.environment:checking '/home/dyjung/ros2_oneday/install/best_camera_app_msgs/bin'
[1.136s] INFO:colcon.colcon_core.shell:Creating package script '/home/dyjung/ros2_oneday/install/best_camera_app_msgs/share/best_camera_app_msgs/package.ps1'
[1.137s] INFO:colcon.colcon_core.shell:Creating package descriptor '/home/dyjung/ros2_oneday/install/best_camera_app_msgs/share/best_camera_app_msgs/package.dsv'
[1.137s] INFO:colcon.colcon_core.shell:Creating package script '/home/dyjung/ros2_oneday/install/best_camera_app_msgs/share/best_camera_app_msgs/package.sh'
[1.138s] INFO:colcon.colcon_core.shell:Creating package script '/home/dyjung/ros2_oneday/install/best_camera_app_msgs/share/best_camera_app_msgs/package.bash'
[1.138s] INFO:colcon.colcon_core.shell:Creating package script '/home/dyjung/ros2_oneday/install/best_camera_app_msgs/share/best_camera_app_msgs/package.zsh'
[1.138s] Level 1:colcon.colcon_core.environment:create_file_with_runtime_dependencies(/home/dyjung/ros2_oneday/install/best_camera_app_msgs/share/colcon-core/packages/best_camera_app_msgs)
[1.286s] Level 1:colcon.colcon_core.environment:checking '/home/dyjung/ros2_oneday/install/best_camera_app' for CMake module files
[1.286s] DEBUG:colcon.colcon_core.event_handler.log_command:Invoked command in '/home/dyjung/ros2_oneday/src/best_camera_app' returned '0': PYTHONPATH=/home/dyjung/ros2_oneday/build/best_camera_app/prefix_override:/home/dyjung/ros2_oneday/install/best_camera_app/lib/python3.10/site-packages:${PYTHONPATH} /usr/bin/python3 -W ignore:setup.py install is deprecated setup.py egg_info --egg-base ../../build/best_camera_app build --build-base /home/dyjung/ros2_oneday/build/best_camera_app/build install --record /home/dyjung/ros2_oneday/build/best_camera_app/install.log --single-version-externally-managed install_data
[1.287s] Level 1:colcon.colcon_core.environment:checking '/home/dyjung/ros2_oneday/install/best_camera_app' for CMake config files
[1.287s] Level 1:colcon.colcon_core.environment:checking '/home/dyjung/ros2_oneday/install/best_camera_app/lib'
[1.287s] Level 1:colcon.colcon_core.environment:checking '/home/dyjung/ros2_oneday/install/best_camera_app/bin'
[1.287s] Level 1:colcon.colcon_core.environment:checking '/home/dyjung/ros2_oneday/install/best_camera_app/lib/pkgconfig/best_camera_app.pc'
[1.287s] Level 1:colcon.colcon_core.environment:checking '/home/dyjung/ros2_oneday/install/best_camera_app/lib/python3.10/site-packages'
[1.287s] Level 1:colcon.colcon_core.shell:create_environment_hook('best_camera_app', 'pythonpath')
[1.288s] INFO:colcon.colcon_core.shell:Creating environment hook '/home/dyjung/ros2_oneday/install/best_camera_app/share/best_camera_app/hook/pythonpath.ps1'
[1.288s] INFO:colcon.colcon_core.shell:Creating environment descriptor '/home/dyjung/ros2_oneday/install/best_camera_app/share/best_camera_app/hook/pythonpath.dsv'
[1.289s] INFO:colcon.colcon_core.shell:Creating environment hook '/home/dyjung/ros2_oneday/install/best_camera_app/share/best_camera_app/hook/pythonpath.sh'
[1.289s] Level 1:colcon.colcon_core.environment:checking '/home/dyjung/ros2_oneday/install/best_camera_app/bin'
[1.289s] Level 1:colcon.colcon_core.environment:create_environment_scripts_only(best_camera_app)
[1.289s] INFO:colcon.colcon_core.shell:Creating package script '/home/dyjung/ros2_oneday/install/best_camera_app/share/best_camera_app/package.ps1'
[1.290s] INFO:colcon.colcon_core.shell:Creating package descriptor '/home/dyjung/ros2_oneday/install/best_camera_app/share/best_camera_app/package.dsv'
[1.290s] INFO:colcon.colcon_core.shell:Creating package script '/home/dyjung/ros2_oneday/install/best_camera_app/share/best_camera_app/package.sh'
[1.290s] INFO:colcon.colcon_core.shell:Creating package script '/home/dyjung/ros2_oneday/install/best_camera_app/share/best_camera_app/package.bash'
[1.290s] INFO:colcon.colcon_core.shell:Creating package script '/home/dyjung/ros2_oneday/install/best_camera_app/share/best_camera_app/package.zsh'
[1.291s] Level 1:colcon.colcon_core.environment:create_file_with_runtime_dependencies(/home/dyjung/ros2_oneday/install/best_camera_app/share/colcon-core/packages/best_camera_app)
[1.291s] DEBUG:colcon.colcon_parallel_executor.executor.parallel:closing loop
[1.291s] DEBUG:colcon.colcon_parallel_executor.executor.parallel:loop closed
[1.291s] DEBUG:colcon.colcon_parallel_executor.executor.parallel:run_until_complete finished with '0'
[1.291s] DEBUG:colcon.colcon_core.event_reactor:joining thread
[1.296s] INFO:colcon.colcon_core.plugin_system:Skipping extension 'colcon_notification.desktop_notification.terminal_notifier': Not used on non-Darwin systems
[1.296s] INFO:colcon.colcon_core.plugin_system:Skipping extension 'colcon_notification.desktop_notification.win32': Not used on non-Windows systems
[1.296s] INFO:colcon.colcon_notification.desktop_notification:Sending desktop notification using 'notify2'
[1.306s] DEBUG:colcon.colcon_core.event_reactor:joined thread
[1.306s] INFO:colcon.colcon_core.shell:Creating prefix script '/home/dyjung/ros2_oneday/install/local_setup.ps1'
[1.307s] INFO:colcon.colcon_core.shell:Creating prefix util module '/home/dyjung/ros2_oneday/install/_local_setup_util_ps1.py'
[1.309s] INFO:colcon.colcon_core.shell:Creating prefix chain script '/home/dyjung/ros2_oneday/install/setup.ps1'
[1.310s] INFO:colcon.colcon_core.shell:Creating prefix script '/home/dyjung/ros2_oneday/install/local_setup.sh'
[1.311s] INFO:colcon.colcon_core.shell:Creating prefix util module '/home/dyjung/ros2_oneday/install/_local_setup_util_sh.py'
[1.311s] INFO:colcon.colcon_core.shell:Creating prefix chain script '/home/dyjung/ros2_oneday/install/setup.sh'
[1.313s] INFO:colcon.colcon_core.shell:Creating prefix script '/home/dyjung/ros2_oneday/install/local_setup.bash'
[1.313s] INFO:colcon.colcon_core.shell:Creating prefix chain script '/home/dyjung/ros2_oneday/install/setup.bash'
[1.314s] INFO:colcon.colcon_core.shell:Creating prefix script '/home/dyjung/ros2_oneday/install/local_setup.zsh'
[1.315s] INFO:colcon.colcon_core.shell:Creating prefix chain script '/home/dyjung/ros2_oneday/install/setup.zsh'
