[0.223s] Invoking command in '/home/dyjung/ros2_oneday/build/best_camera_app_msgs': CMAKE_PREFIX_PATH=${CMAKE_PREFIX_PATH}:/home/dyjung/ros2_oneday/install/best_camera_app:/opt/ros/humble /usr/bin/cmake --build /home/dyjung/ros2_oneday/build/best_camera_app_msgs -- -j12 -l12
[0.243s] -- Found ament_cmake: 1.3.8 (/opt/ros/humble/share/ament_cmake/cmake)
[0.338s] -- Found rosidl_default_generators: 1.2.0 (/opt/ros/humble/share/rosidl_default_generators/cmake)
[0.339s] -- Using all available rosidl_typesupport_c: rosidl_typesupport_fastrtps_c;rosidl_typesupport_introspection_c
[0.341s] -- Found rosidl_adapter: 3.1.5 (/opt/ros/humble/share/rosidl_adapter/cmake)
[0.364s] -- Using all available rosidl_typesupport_cpp: rosidl_typesupport_fastrtps_cpp;rosidl_typesupport_introspection_cpp
[0.543s] [31mCMake Error at /opt/ros/humble/share/rosidl_adapter/cmake/rosidl_adapt_interfaces.cmake:59 (message):
[0.543s]   execute_process(/usr/bin/python3 -m rosidl_adapter --package-name
[0.543s]   best_camera_app_msgs --arguments-file
[0.543s]   /home/dyjung/ros2_oneday/build/best_camera_app_msgs/rosidl_adapter__arguments__best_camera_app_msgs.json
[0.543s]   --output-dir
[0.543s]   /home/dyjung/ros2_oneday/build/best_camera_app_msgs/rosidl_adapter/best_camera_app_msgs
[0.543s]   --output-file
[0.543s]   /home/dyjung/ros2_oneday/build/best_camera_app_msgs/rosidl_adapter/best_camera_app_msgs.idls)
[0.543s]   returned error code 1:
[0.543s] 
[0.543s]   Error processing 'float red' of
[0.543s]   'best_camera_app_msgs/ApplyRGBService_Request': ''float' is an invalid
[0.543s]   message name.  It should have the pattern '^[A-Z][A-Za-z0-9]*$''
[0.543s] 
[0.543s]   Traceback (most recent call last):
[0.543s] 
[0.543s]     File "/usr/lib/python3.10/runpy.py", line 196, in _run_module_as_main
[0.543s]       return _run_code(code, main_globals, None,
[0.543s]     File "/usr/lib/python3.10/runpy.py", line 86, in _run_code
[0.544s]       exec(code, run_globals)
[0.544s]     File "/opt/ros/humble/local/lib/python3.10/dist-packages/rosidl_adapter/__main__.py", line 19, in <module>
[0.544s]       sys.exit(main())
[0.544s]     File "/opt/ros/humble/local/lib/python3.10/dist-packages/rosidl_adapter/main.py", line 53, in main
[0.544s]       abs_idl_file = convert_to_idl(
[0.544s]     File "/opt/ros/humble/local/lib/python3.10/dist-packages/rosidl_adapter/__init__.py", line 24, in convert_to_idl
[0.544s]       return convert_srv_to_idl(
[0.544s]     File "/opt/ros/humble/local/lib/python3.10/dist-packages/rosidl_adapter/srv/__init__.py", line 28, in convert_srv_to_idl
[0.544s]       srv = parse_service_string(package_name, input_file.stem, content)
[0.544s]     File "/opt/ros/humble/local/lib/python3.10/dist-packages/rosidl_adapter/parser.py", line 859, in parse_service_string
[0.544s]       request_message = parse_message_string(
[0.544s]     File "/opt/ros/humble/local/lib/python3.10/dist-packages/rosidl_adapter/parser.py", line 520, in parse_message_string
[0.544s]       Type(type_string, context_package_name=pkg_name),
[0.544s]     File "/opt/ros/humble/local/lib/python3.10/dist-packages/rosidl_adapter/parser.py", line 277, in __init__
[0.544s]       super(Type, self).__init__(
[0.544s]     File "/opt/ros/humble/local/lib/python3.10/dist-packages/rosidl_adapter/parser.py", line 205, in __init__
[0.544s]       raise InvalidResourceName(
[0.544s] 
[0.544s]   rosidl_adapter.parser.InvalidResourceName: 'float' is an invalid message
[0.544s]   name.  It should have the pattern '^[A-Z][A-Za-z0-9]*$'
[0.544s] 
[0.544s] Call Stack (most recent call first):
[0.544s]   /opt/ros/humble/share/rosidl_cmake/cmake/rosidl_generate_interfaces.cmake:130 (rosidl_adapt_interfaces)
[0.545s]   CMakeLists.txt:16 (rosidl_generate_interfaces)
[0.545s] 
[0.545s] [0m
[0.545s] -- Configuring incomplete, errors occurred!
[0.545s] See also "/home/dyjung/ros2_oneday/build/best_camera_app_msgs/CMakeFiles/CMakeOutput.log".
[0.546s] gmake: *** [Makefile:1179: cmake_check_build_system] Error 1
[0.549s] Invoked command in '/home/dyjung/ros2_oneday/build/best_camera_app_msgs' returned '2': CMAKE_PREFIX_PATH=${CMAKE_PREFIX_PATH}:/home/dyjung/ros2_oneday/install/best_camera_app:/opt/ros/humble /usr/bin/cmake --build /home/dyjung/ros2_oneday/build/best_camera_app_msgs -- -j12 -l12
