[0.531s] Invoking command in '/home/dyjung/git_ws/ros2_camera_project/ros2_oneday/src/best_camera_app': PYTHONPATH=/home/dyjung/git_ws/ros2_camera_project/ros2_oneday/build/best_camera_app/prefix_override:/home/dyjung/git_ws/ros2_camera_project/ros2_oneday/install/best_camera_app/lib/python3.10/site-packages:${PYTHONPATH} /usr/bin/python3 -W ignore:setup.py install is deprecated setup.py egg_info --egg-base ../../build/best_camera_app build --build-base /home/dyjung/git_ws/ros2_camera_project/ros2_oneday/build/best_camera_app/build install --record /home/dyjung/git_ws/ros2_camera_project/ros2_oneday/build/best_camera_app/install.log --single-version-externally-managed install_data
[0.741s] running egg_info
[0.741s] writing ../../build/best_camera_app/best_camera_app.egg-info/PKG-INFO
[0.741s] writing dependency_links to ../../build/best_camera_app/best_camera_app.egg-info/dependency_links.txt
[0.742s] writing entry points to ../../build/best_camera_app/best_camera_app.egg-info/entry_points.txt
[0.742s] writing requirements to ../../build/best_camera_app/best_camera_app.egg-info/requires.txt
[0.742s] writing top-level names to ../../build/best_camera_app/best_camera_app.egg-info/top_level.txt
[0.743s] reading manifest file '../../build/best_camera_app/best_camera_app.egg-info/SOURCES.txt'
[0.744s] writing manifest file '../../build/best_camera_app/best_camera_app.egg-info/SOURCES.txt'
[0.744s] running build
[0.744s] running build_py
[0.745s] running install
[0.745s] running install_lib
[0.746s] running install_data
[0.746s] running install_egg_info
[0.747s] removing '/home/dyjung/git_ws/ros2_camera_project/ros2_oneday/install/best_camera_app/lib/python3.10/site-packages/best_camera_app-0.0.0-py3.10.egg-info' (and everything under it)
[0.748s] Copying ../../build/best_camera_app/best_camera_app.egg-info to /home/dyjung/git_ws/ros2_camera_project/ros2_oneday/install/best_camera_app/lib/python3.10/site-packages/best_camera_app-0.0.0-py3.10.egg-info
[0.748s] running install_scripts
[0.764s] Installing camera_blurred script to /home/dyjung/git_ws/ros2_camera_project/ros2_oneday/install/best_camera_app/lib/best_camera_app
[0.764s] Installing camera_capture script to /home/dyjung/git_ws/ros2_camera_project/ros2_oneday/install/best_camera_app/lib/best_camera_app
[0.764s] Installing camera_record script to /home/dyjung/git_ws/ros2_camera_project/ros2_oneday/install/best_camera_app/lib/best_camera_app
[0.765s] Installing camera_rgb script to /home/dyjung/git_ws/ros2_camera_project/ros2_oneday/install/best_camera_app/lib/best_camera_app
[0.765s] Installing img_publisher script to /home/dyjung/git_ws/ros2_camera_project/ros2_oneday/install/best_camera_app/lib/best_camera_app
[0.765s] writing list of installed files to '/home/dyjung/git_ws/ros2_camera_project/ros2_oneday/build/best_camera_app/install.log'
[0.783s] Invoked command in '/home/dyjung/git_ws/ros2_camera_project/ros2_oneday/src/best_camera_app' returned '0': PYTHONPATH=/home/dyjung/git_ws/ros2_camera_project/ros2_oneday/build/best_camera_app/prefix_override:/home/dyjung/git_ws/ros2_camera_project/ros2_oneday/install/best_camera_app/lib/python3.10/site-packages:${PYTHONPATH} /usr/bin/python3 -W ignore:setup.py install is deprecated setup.py egg_info --egg-base ../../build/best_camera_app build --build-base /home/dyjung/git_ws/ros2_camera_project/ros2_oneday/build/best_camera_app/build install --record /home/dyjung/git_ws/ros2_camera_project/ros2_oneday/build/best_camera_app/install.log --single-version-externally-managed install_data
