[0.596s] Invoking command in '/home/dyjung/git_ws/ros2_camera_project/ros2_oneday/src/best_camera_app': PYTHONPATH=/home/dyjung/git_ws/ros2_camera_project/ros2_oneday/build/best_camera_app/prefix_override:/home/dyjung/git_ws/ros2_camera_project/ros2_oneday/install/best_camera_app/lib/python3.10/site-packages:${PYTHONPATH} /usr/bin/python3 -W ignore:setup.py install is deprecated setup.py egg_info --egg-base ../../build/best_camera_app build --build-base /home/dyjung/git_ws/ros2_camera_project/ros2_oneday/build/best_camera_app/build install --record /home/dyjung/git_ws/ros2_camera_project/ros2_oneday/build/best_camera_app/install.log --single-version-externally-managed install_data
[0.824s] running egg_info
[0.825s] writing ../../build/best_camera_app/best_camera_app.egg-info/PKG-INFO
[0.825s] writing dependency_links to ../../build/best_camera_app/best_camera_app.egg-info/dependency_links.txt
[0.825s] writing entry points to ../../build/best_camera_app/best_camera_app.egg-info/entry_points.txt
[0.825s] writing requirements to ../../build/best_camera_app/best_camera_app.egg-info/requires.txt
[0.825s] writing top-level names to ../../build/best_camera_app/best_camera_app.egg-info/top_level.txt
[0.826s] reading manifest file '../../build/best_camera_app/best_camera_app.egg-info/SOURCES.txt'
[0.827s] writing manifest file '../../build/best_camera_app/best_camera_app.egg-info/SOURCES.txt'
[0.827s] running build
[0.827s] running build_py
[0.828s] running install
[0.828s] running install_lib
[0.829s] running install_data
[0.829s] copying launch/best_camera_app.launch.py -> /home/dyjung/git_ws/ros2_camera_project/ros2_oneday/install/best_camera_app/share/best_camera_app/launch
[0.829s] running install_egg_info
[0.830s] removing '/home/dyjung/git_ws/ros2_camera_project/ros2_oneday/install/best_camera_app/lib/python3.10/site-packages/best_camera_app-0.0.0-py3.10.egg-info' (and everything under it)
[0.831s] Copying ../../build/best_camera_app/best_camera_app.egg-info to /home/dyjung/git_ws/ros2_camera_project/ros2_oneday/install/best_camera_app/lib/python3.10/site-packages/best_camera_app-0.0.0-py3.10.egg-info
[0.831s] running install_scripts
[0.849s] Installing camera_blurred script to /home/dyjung/git_ws/ros2_camera_project/ros2_oneday/install/best_camera_app/lib/best_camera_app
[0.849s] Installing camera_capture script to /home/dyjung/git_ws/ros2_camera_project/ros2_oneday/install/best_camera_app/lib/best_camera_app
[0.850s] Installing camera_record script to /home/dyjung/git_ws/ros2_camera_project/ros2_oneday/install/best_camera_app/lib/best_camera_app
[0.850s] Installing camera_rgb script to /home/dyjung/git_ws/ros2_camera_project/ros2_oneday/install/best_camera_app/lib/best_camera_app
[0.850s] Installing img_publisher script to /home/dyjung/git_ws/ros2_camera_project/ros2_oneday/install/best_camera_app/lib/best_camera_app
[0.850s] writing list of installed files to '/home/dyjung/git_ws/ros2_camera_project/ros2_oneday/build/best_camera_app/install.log'
[0.870s] Invoked command in '/home/dyjung/git_ws/ros2_camera_project/ros2_oneday/src/best_camera_app' returned '0': PYTHONPATH=/home/dyjung/git_ws/ros2_camera_project/ros2_oneday/build/best_camera_app/prefix_override:/home/dyjung/git_ws/ros2_camera_project/ros2_oneday/install/best_camera_app/lib/python3.10/site-packages:${PYTHONPATH} /usr/bin/python3 -W ignore:setup.py install is deprecated setup.py egg_info --egg-base ../../build/best_camera_app build --build-base /home/dyjung/git_ws/ros2_camera_project/ros2_oneday/build/best_camera_app/build install --record /home/dyjung/git_ws/ros2_camera_project/ros2_oneday/build/best_camera_app/install.log --single-version-externally-managed install_data
