/home/dyjung/git_ws/ros2_camera_project/ros2_oneday/install/best_camera_app/lib/python3.10/site-packages/best_camera_app/camera_blurred.py
/home/dyjung/git_ws/ros2_camera_project/ros2_oneday/install/best_camera_app/lib/python3.10/site-packages/best_camera_app/camera_rgb.py
/home/dyjung/git_ws/ros2_camera_project/ros2_oneday/install/best_camera_app/lib/python3.10/site-packages/best_camera_app/camera_record.py
/home/dyjung/git_ws/ros2_camera_project/ros2_oneday/install/best_camera_app/lib/python3.10/site-packages/best_camera_app/__init__.py
/home/dyjung/git_ws/ros2_camera_project/ros2_oneday/install/best_camera_app/lib/python3.10/site-packages/best_camera_app/img_publisher.py
/home/dyjung/git_ws/ros2_camera_project/ros2_oneday/install/best_camera_app/lib/python3.10/site-packages/best_camera_app/camera_capture.py
/home/dyjung/git_ws/ros2_camera_project/ros2_oneday/install/best_camera_app/lib/python3.10/site-packages/best_camera_app/__pycache__/camera_blurred.cpython-310.pyc
/home/dyjung/git_ws/ros2_camera_project/ros2_oneday/install/best_camera_app/lib/python3.10/site-packages/best_camera_app/__pycache__/camera_rgb.cpython-310.pyc
/home/dyjung/git_ws/ros2_camera_project/ros2_oneday/install/best_camera_app/lib/python3.10/site-packages/best_camera_app/__pycache__/camera_record.cpython-310.pyc
/home/dyjung/git_ws/ros2_camera_project/ros2_oneday/install/best_camera_app/lib/python3.10/site-packages/best_camera_app/__pycache__/__init__.cpython-310.pyc
/home/dyjung/git_ws/ros2_camera_project/ros2_oneday/install/best_camera_app/lib/python3.10/site-packages/best_camera_app/__pycache__/img_publisher.cpython-310.pyc
/home/dyjung/git_ws/ros2_camera_project/ros2_oneday/install/best_camera_app/lib/python3.10/site-packages/best_camera_app/__pycache__/camera_capture.cpython-310.pyc
/home/dyjung/git_ws/ros2_camera_project/ros2_oneday/install/best_camera_app/share/ament_index/resource_index/packages/best_camera_app
/home/dyjung/git_ws/ros2_camera_project/ros2_oneday/install/best_camera_app/share/best_camera_app/package.xml
/home/dyjung/git_ws/ros2_camera_project/ros2_oneday/install/best_camera_app/share/best_camera_app/launch/best_camera_app.launch.py
/home/dyjung/git_ws/ros2_camera_project/ros2_oneday/install/best_camera_app/lib/python3.10/site-packages/best_camera_app-0.0.0-py3.10.egg-info/dependency_links.txt
/home/dyjung/git_ws/ros2_camera_project/ros2_oneday/install/best_camera_app/lib/python3.10/site-packages/best_camera_app-0.0.0-py3.10.egg-info/SOURCES.txt
/home/dyjung/git_ws/ros2_camera_project/ros2_oneday/install/best_camera_app/lib/python3.10/site-packages/best_camera_app-0.0.0-py3.10.egg-info/zip-safe
/home/dyjung/git_ws/ros2_camera_project/ros2_oneday/install/best_camera_app/lib/python3.10/site-packages/best_camera_app-0.0.0-py3.10.egg-info/requires.txt
/home/dyjung/git_ws/ros2_camera_project/ros2_oneday/install/best_camera_app/lib/python3.10/site-packages/best_camera_app-0.0.0-py3.10.egg-info/top_level.txt
/home/dyjung/git_ws/ros2_camera_project/ros2_oneday/install/best_camera_app/lib/python3.10/site-packages/best_camera_app-0.0.0-py3.10.egg-info/entry_points.txt
/home/dyjung/git_ws/ros2_camera_project/ros2_oneday/install/best_camera_app/lib/python3.10/site-packages/best_camera_app-0.0.0-py3.10.egg-info/PKG-INFO
/home/dyjung/git_ws/ros2_camera_project/ros2_oneday/install/best_camera_app/lib/best_camera_app/camera_blurred
/home/dyjung/git_ws/ros2_camera_project/ros2_oneday/install/best_camera_app/lib/best_camera_app/camera_capture
/home/dyjung/git_ws/ros2_camera_project/ros2_oneday/install/best_camera_app/lib/best_camera_app/camera_record
/home/dyjung/git_ws/ros2_camera_project/ros2_oneday/install/best_camera_app/lib/best_camera_app/camera_rgb
/home/dyjung/git_ws/ros2_camera_project/ros2_oneday/install/best_camera_app/lib/best_camera_app/img_publisher
