[0.222s] Invoking command in '/home/dyjung/git_ws/ros2_camera_project/ros2_oneday/build/best_camera_app_msgs': CMAKE_PREFIX_PATH=${CMAKE_PREFIX_PATH}:/home/dyjung/ros2_oneday/install/best_camera_app:/opt/ros/humble /usr/bin/cmake --build /home/dyjung/git_ws/ros2_camera_project/ros2_oneday/build/best_camera_app_msgs -- -j12 -l12
[0.240s] -- Found ament_cmake: 1.3.8 (/opt/ros/humble/share/ament_cmake/cmake)
[0.337s] -- Found rosidl_default_generators: 1.2.0 (/opt/ros/humble/share/rosidl_default_generators/cmake)
[0.338s] -- Using all available rosidl_typesupport_c: rosidl_typesupport_fastrtps_c;rosidl_typesupport_introspection_c
[0.340s] -- Found rosidl_adapter: 3.1.5 (/opt/ros/humble/share/rosidl_adapter/cmake)
[0.363s] -- Using all available rosidl_typesupport_cpp: rosidl_typesupport_fastrtps_cpp;rosidl_typesupport_introspection_cpp
[0.591s] -- Found ament_cmake_ros: 0.10.0 (/opt/ros/humble/share/ament_cmake_ros/cmake)
[0.725s] -- Using all available rosidl_typesupport_c: rosidl_typesupport_fastrtps_c;rosidl_typesupport_introspection_c
[0.904s] -- Using all available rosidl_typesupport_cpp: rosidl_typesupport_fastrtps_cpp;rosidl_typesupport_introspection_cpp
[0.920s] -- Found python_cmake_module: 0.10.0 (/opt/ros/humble/share/python_cmake_module/cmake)
[0.938s] -- Using PYTHON_EXECUTABLE: /usr/bin/python3
[0.938s] -- Using PYTHON_INCLUDE_DIRS: /usr/include/python3.10
[0.938s] -- Using PYTHON_LIBRARIES: /usr/lib/x86_64-linux-gnu/libpython3.10.so
[0.946s] -- Found ament_lint_auto: 0.12.10 (/opt/ros/humble/share/ament_lint_auto/cmake)
[0.952s] -- Added test 'lint_cmake' to check CMake code style
[0.953s] -- Added test 'xmllint' to check XML markup files
[0.954s] -- Configuring done
[0.977s] -- Generating done
[0.979s] -- Build files have been written to: /home/dyjung/ros2_oneday/build/best_camera_app_msgs
[0.997s] [35m[1mConsolidate compiler generated dependencies of target best_camera_app_msgs__rosidl_generator_c[0m
[1.004s] [  1%] Built target best_camera_app_msgs__cpp
[1.006s] [ 12%] Built target best_camera_app_msgs__rosidl_generator_c
[1.014s] [35m[1mConsolidate compiler generated dependencies of target best_camera_app_msgs__rosidl_typesupport_cpp[0m
[1.014s] [35m[1mConsolidate compiler generated dependencies of target best_camera_app_msgs__rosidl_typesupport_introspection_cpp[0m
[1.014s] [ 12%] Built target ament_cmake_python_copy_best_camera_app_msgs
[1.014s] [35m[1mConsolidate compiler generated dependencies of target best_camera_app_msgs__rosidl_typesupport_introspection_c[0m
[1.014s] [35m[1mConsolidate compiler generated dependencies of target best_camera_app_msgs__rosidl_typesupport_fastrtps_cpp[0m
[1.015s] [35m[1mConsolidate compiler generated dependencies of target best_camera_app_msgs__rosidl_typesupport_fastrtps_c[0m
[1.016s] [35m[1mConsolidate compiler generated dependencies of target best_camera_app_msgs__rosidl_typesupport_c[0m
[1.024s] [ 23%] Built target best_camera_app_msgs__rosidl_typesupport_introspection_c
[1.024s] [ 34%] Built target best_camera_app_msgs__rosidl_typesupport_cpp
[1.025s] [ 45%] Built target best_camera_app_msgs__rosidl_typesupport_introspection_cpp
[1.027s] [ 65%] Built target best_camera_app_msgs__rosidl_typesupport_fastrtps_c
[1.028s] [ 67%] Built target best_camera_app_msgs__rosidl_typesupport_c
[1.030s] [ 78%] Built target best_camera_app_msgs__rosidl_typesupport_fastrtps_cpp
[1.044s] [ 78%] Built target best_camera_app_msgs
[1.060s] [ 80%] Built target best_camera_app_msgs__py
[1.068s] [35m[1mConsolidate compiler generated dependencies of target best_camera_app_msgs__rosidl_generator_py[0m
[1.079s] [ 89%] Built target best_camera_app_msgs__rosidl_generator_py
[1.087s] [35m[1mConsolidate compiler generated dependencies of target best_camera_app_msgs__rosidl_typesupport_fastrtps_c__pyext[0m
[1.087s] [35m[1mConsolidate compiler generated dependencies of target best_camera_app_msgs__rosidl_typesupport_c__pyext[0m
[1.087s] [35m[1mConsolidate compiler generated dependencies of target best_camera_app_msgs__rosidl_typesupport_introspection_c__pyext[0m
[1.097s] [100%] Built target best_camera_app_msgs__rosidl_typesupport_introspection_c__pyext
[1.097s] [100%] Built target best_camera_app_msgs__rosidl_typesupport_fastrtps_c__pyext
[1.097s] [100%] Built target best_camera_app_msgs__rosidl_typesupport_c__pyext
[1.229s] running egg_info
[1.230s] writing best_camera_app_msgs.egg-info/PKG-INFO
[1.230s] writing dependency_links to best_camera_app_msgs.egg-info/dependency_links.txt
[1.230s] writing top-level names to best_camera_app_msgs.egg-info/top_level.txt
[1.232s] reading manifest file 'best_camera_app_msgs.egg-info/SOURCES.txt'
[1.232s] writing manifest file 'best_camera_app_msgs.egg-info/SOURCES.txt'
[1.251s] [100%] Built target ament_cmake_python_build_best_camera_app_msgs_egg
[1.261s] Invoked command in '/home/dyjung/git_ws/ros2_camera_project/ros2_oneday/build/best_camera_app_msgs' returned '0': CMAKE_PREFIX_PATH=${CMAKE_PREFIX_PATH}:/home/dyjung/ros2_oneday/install/best_camera_app:/opt/ros/humble /usr/bin/cmake --build /home/dyjung/git_ws/ros2_camera_project/ros2_oneday/build/best_camera_app_msgs -- -j12 -l12
[1.339s] Invoking command in '/home/dyjung/git_ws/ros2_camera_project/ros2_oneday/build/best_camera_app_msgs': CMAKE_PREFIX_PATH=${CMAKE_PREFIX_PATH}:/home/dyjung/ros2_oneday/install/best_camera_app:/opt/ros/humble /usr/bin/cmake --install /home/dyjung/git_ws/ros2_camera_project/ros2_oneday/build/best_camera_app_msgs
[1.345s] -- Install configuration: ""
[1.345s] -- Up-to-date: /home/dyjung/ros2_oneday/install/best_camera_app_msgs/share/ament_index/resource_index/rosidl_interfaces/best_camera_app_msgs
[1.345s] -- Up-to-date: /home/dyjung/ros2_oneday/install/best_camera_app_msgs/include/best_camera_app_msgs/best_camera_app_msgs
[1.345s] -- Up-to-date: /home/dyjung/ros2_oneday/install/best_camera_app_msgs/include/best_camera_app_msgs/best_camera_app_msgs/msg
[1.345s] -- Up-to-date: /home/dyjung/ros2_oneday/install/best_camera_app_msgs/include/best_camera_app_msgs/best_camera_app_msgs/msg/rosidl_generator_c__visibility_control.h
[1.345s] -- Up-to-date: /home/dyjung/ros2_oneday/install/best_camera_app_msgs/include/best_camera_app_msgs/best_camera_app_msgs/srv
[1.345s] -- Up-to-date: /home/dyjung/ros2_oneday/install/best_camera_app_msgs/include/best_camera_app_msgs/best_camera_app_msgs/srv/apply_blurr_service.h
[1.345s] -- Up-to-date: /home/dyjung/ros2_oneday/install/best_camera_app_msgs/include/best_camera_app_msgs/best_camera_app_msgs/srv/video_record_service.h
[1.345s] -- Up-to-date: /home/dyjung/ros2_oneday/install/best_camera_app_msgs/include/best_camera_app_msgs/best_camera_app_msgs/srv/camera_capture.h
[1.345s] -- Up-to-date: /home/dyjung/ros2_oneday/install/best_camera_app_msgs/include/best_camera_app_msgs/best_camera_app_msgs/srv/detail
[1.345s] -- Up-to-date: /home/dyjung/ros2_oneday/install/best_camera_app_msgs/include/best_camera_app_msgs/best_camera_app_msgs/srv/detail/apply_rgb_service__struct.h
[1.345s] -- Up-to-date: /home/dyjung/ros2_oneday/install/best_camera_app_msgs/include/best_camera_app_msgs/best_camera_app_msgs/srv/detail/apply_rgb_service__functions.h
[1.345s] -- Up-to-date: /home/dyjung/ros2_oneday/install/best_camera_app_msgs/include/best_camera_app_msgs/best_camera_app_msgs/srv/detail/capture_service__type_support.h
[1.345s] -- Up-to-date: /home/dyjung/ros2_oneday/install/best_camera_app_msgs/include/best_camera_app_msgs/best_camera_app_msgs/srv/detail/apply_blurr_service__type_support.h
[1.346s] -- Up-to-date: /home/dyjung/ros2_oneday/install/best_camera_app_msgs/include/best_camera_app_msgs/best_camera_app_msgs/srv/detail/camera_capture__functions.h
[1.346s] -- Up-to-date: /home/dyjung/ros2_oneday/install/best_camera_app_msgs/include/best_camera_app_msgs/best_camera_app_msgs/srv/detail/capture_server__functions.c
[1.346s] -- Up-to-date: /home/dyjung/ros2_oneday/install/best_camera_app_msgs/include/best_camera_app_msgs/best_camera_app_msgs/srv/detail/video_record_service__functions.h
[1.346s] -- Up-to-date: /home/dyjung/ros2_oneday/install/best_camera_app_msgs/include/best_camera_app_msgs/best_camera_app_msgs/srv/detail/capture_service__struct.h
[1.346s] -- Up-to-date: /home/dyjung/ros2_oneday/install/best_camera_app_msgs/include/best_camera_app_msgs/best_camera_app_msgs/srv/detail/capture_server__struct.h
[1.346s] -- Up-to-date: /home/dyjung/ros2_oneday/install/best_camera_app_msgs/include/best_camera_app_msgs/best_camera_app_msgs/srv/detail/capture_server__functions.h
[1.346s] -- Up-to-date: /home/dyjung/ros2_oneday/install/best_camera_app_msgs/include/best_camera_app_msgs/best_camera_app_msgs/srv/detail/camera_capture__functions.c
[1.346s] -- Up-to-date: /home/dyjung/ros2_oneday/install/best_camera_app_msgs/include/best_camera_app_msgs/best_camera_app_msgs/srv/detail/video_record_service__type_support.h
[1.346s] -- Up-to-date: /home/dyjung/ros2_oneday/install/best_camera_app_msgs/include/best_camera_app_msgs/best_camera_app_msgs/srv/detail/apply_blurr_service__struct.h
[1.346s] -- Up-to-date: /home/dyjung/ros2_oneday/install/best_camera_app_msgs/include/best_camera_app_msgs/best_camera_app_msgs/srv/detail/video_record_service__struct.h
[1.346s] -- Up-to-date: /home/dyjung/ros2_oneday/install/best_camera_app_msgs/include/best_camera_app_msgs/best_camera_app_msgs/srv/detail/capture_service__functions.c
[1.346s] -- Up-to-date: /home/dyjung/ros2_oneday/install/best_camera_app_msgs/include/best_camera_app_msgs/best_camera_app_msgs/srv/detail/apply_rgb_service__type_support.h
[1.346s] -- Up-to-date: /home/dyjung/ros2_oneday/install/best_camera_app_msgs/include/best_camera_app_msgs/best_camera_app_msgs/srv/detail/camera_capture__type_support.h
[1.346s] -- Up-to-date: /home/dyjung/ros2_oneday/install/best_camera_app_msgs/include/best_camera_app_msgs/best_camera_app_msgs/srv/detail/camera_capture__struct.h
[1.346s] -- Up-to-date: /home/dyjung/ros2_oneday/install/best_camera_app_msgs/include/best_camera_app_msgs/best_camera_app_msgs/srv/detail/apply_rgb_service__functions.c
[1.346s] -- Up-to-date: /home/dyjung/ros2_oneday/install/best_camera_app_msgs/include/best_camera_app_msgs/best_camera_app_msgs/srv/detail/apply_blurr_service__functions.h
[1.346s] -- Up-to-date: /home/dyjung/ros2_oneday/install/best_camera_app_msgs/include/best_camera_app_msgs/best_camera_app_msgs/srv/detail/capture_service__functions.h
[1.347s] -- Up-to-date: /home/dyjung/ros2_oneday/install/best_camera_app_msgs/include/best_camera_app_msgs/best_camera_app_msgs/srv/detail/capture_server__type_support.h
[1.347s] -- Up-to-date: /home/dyjung/ros2_oneday/install/best_camera_app_msgs/include/best_camera_app_msgs/best_camera_app_msgs/srv/detail/video_record_service__functions.c
[1.347s] -- Up-to-date: /home/dyjung/ros2_oneday/install/best_camera_app_msgs/include/best_camera_app_msgs/best_camera_app_msgs/srv/detail/apply_blurr_service__functions.c
[1.347s] -- Up-to-date: /home/dyjung/ros2_oneday/install/best_camera_app_msgs/include/best_camera_app_msgs/best_camera_app_msgs/srv/capture_server.h
[1.347s] -- Up-to-date: /home/dyjung/ros2_oneday/install/best_camera_app_msgs/include/best_camera_app_msgs/best_camera_app_msgs/srv/capture_service.h
[1.347s] -- Up-to-date: /home/dyjung/ros2_oneday/install/best_camera_app_msgs/include/best_camera_app_msgs/best_camera_app_msgs/srv/apply_rgb_service.h
[1.347s] -- Up-to-date: /home/dyjung/ros2_oneday/install/best_camera_app_msgs/share/best_camera_app_msgs/environment/library_path.sh
[1.347s] -- Installing: /home/dyjung/ros2_oneday/install/best_camera_app_msgs/share/best_camera_app_msgs/environment/library_path.dsv
[1.347s] -- Up-to-date: /home/dyjung/ros2_oneday/install/best_camera_app_msgs/lib/libbest_camera_app_msgs__rosidl_generator_c.so
[1.347s] -- Up-to-date: /home/dyjung/ros2_oneday/install/best_camera_app_msgs/include/best_camera_app_msgs/best_camera_app_msgs
[1.347s] -- Up-to-date: /home/dyjung/ros2_oneday/install/best_camera_app_msgs/include/best_camera_app_msgs/best_camera_app_msgs/msg
[1.347s] -- Up-to-date: /home/dyjung/ros2_oneday/install/best_camera_app_msgs/include/best_camera_app_msgs/best_camera_app_msgs/msg/rosidl_typesupport_fastrtps_c__visibility_control.h
[1.347s] -- Up-to-date: /home/dyjung/ros2_oneday/install/best_camera_app_msgs/include/best_camera_app_msgs/best_camera_app_msgs/srv
[1.347s] -- Up-to-date: /home/dyjung/ros2_oneday/install/best_camera_app_msgs/include/best_camera_app_msgs/best_camera_app_msgs/srv/detail
[1.347s] -- Up-to-date: /home/dyjung/ros2_oneday/install/best_camera_app_msgs/include/best_camera_app_msgs/best_camera_app_msgs/srv/detail/capture_server__rosidl_typesupport_fastrtps_c.h
[1.348s] -- Up-to-date: /home/dyjung/ros2_oneday/install/best_camera_app_msgs/include/best_camera_app_msgs/best_camera_app_msgs/srv/detail/camera_capture__rosidl_typesupport_fastrtps_c.h
[1.348s] -- Up-to-date: /home/dyjung/ros2_oneday/install/best_camera_app_msgs/include/best_camera_app_msgs/best_camera_app_msgs/srv/detail/apply_blurr_service__rosidl_typesupport_fastrtps_c.h
[1.348s] -- Up-to-date: /home/dyjung/ros2_oneday/install/best_camera_app_msgs/include/best_camera_app_msgs/best_camera_app_msgs/srv/detail/capture_service__rosidl_typesupport_fastrtps_c.h
[1.348s] -- Up-to-date: /home/dyjung/ros2_oneday/install/best_camera_app_msgs/include/best_camera_app_msgs/best_camera_app_msgs/srv/detail/video_record_service__rosidl_typesupport_fastrtps_c.h
[1.348s] -- Up-to-date: /home/dyjung/ros2_oneday/install/best_camera_app_msgs/include/best_camera_app_msgs/best_camera_app_msgs/srv/detail/apply_rgb_service__rosidl_typesupport_fastrtps_c.h
[1.348s] -- Up-to-date: /home/dyjung/ros2_oneday/install/best_camera_app_msgs/lib/libbest_camera_app_msgs__rosidl_typesupport_fastrtps_c.so
[1.348s] -- Up-to-date: /home/dyjung/ros2_oneday/install/best_camera_app_msgs/include/best_camera_app_msgs/best_camera_app_msgs
[1.348s] -- Up-to-date: /home/dyjung/ros2_oneday/install/best_camera_app_msgs/include/best_camera_app_msgs/best_camera_app_msgs/msg
[1.348s] -- Up-to-date: /home/dyjung/ros2_oneday/install/best_camera_app_msgs/include/best_camera_app_msgs/best_camera_app_msgs/msg/rosidl_typesupport_introspection_c__visibility_control.h
[1.348s] -- Up-to-date: /home/dyjung/ros2_oneday/install/best_camera_app_msgs/include/best_camera_app_msgs/best_camera_app_msgs/srv
[1.348s] -- Up-to-date: /home/dyjung/ros2_oneday/install/best_camera_app_msgs/include/best_camera_app_msgs/best_camera_app_msgs/srv/detail
[1.348s] -- Up-to-date: /home/dyjung/ros2_oneday/install/best_camera_app_msgs/include/best_camera_app_msgs/best_camera_app_msgs/srv/detail/apply_blurr_service__type_support.c
[1.348s] -- Up-to-date: /home/dyjung/ros2_oneday/install/best_camera_app_msgs/include/best_camera_app_msgs/best_camera_app_msgs/srv/detail/capture_service__type_support.c
[1.348s] -- Up-to-date: /home/dyjung/ros2_oneday/install/best_camera_app_msgs/include/best_camera_app_msgs/best_camera_app_msgs/srv/detail/video_record_service__type_support.c
[1.348s] -- Up-to-date: /home/dyjung/ros2_oneday/install/best_camera_app_msgs/include/best_camera_app_msgs/best_camera_app_msgs/srv/detail/capture_service__rosidl_typesupport_introspection_c.h
[1.348s] -- Up-to-date: /home/dyjung/ros2_oneday/install/best_camera_app_msgs/include/best_camera_app_msgs/best_camera_app_msgs/srv/detail/apply_rgb_service__rosidl_typesupport_introspection_c.h
[1.348s] -- Up-to-date: /home/dyjung/ros2_oneday/install/best_camera_app_msgs/include/best_camera_app_msgs/best_camera_app_msgs/srv/detail/apply_blurr_service__rosidl_typesupport_introspection_c.h
[1.348s] -- Up-to-date: /home/dyjung/ros2_oneday/install/best_camera_app_msgs/include/best_camera_app_msgs/best_camera_app_msgs/srv/detail/camera_capture__type_support.c
[1.348s] -- Up-to-date: /home/dyjung/ros2_oneday/install/best_camera_app_msgs/include/best_camera_app_msgs/best_camera_app_msgs/srv/detail/capture_server__type_support.c
[1.348s] -- Up-to-date: /home/dyjung/ros2_oneday/install/best_camera_app_msgs/include/best_camera_app_msgs/best_camera_app_msgs/srv/detail/apply_rgb_service__type_support.c
[1.349s] -- Up-to-date: /home/dyjung/ros2_oneday/install/best_camera_app_msgs/include/best_camera_app_msgs/best_camera_app_msgs/srv/detail/video_record_service__rosidl_typesupport_introspection_c.h
[1.349s] -- Up-to-date: /home/dyjung/ros2_oneday/install/best_camera_app_msgs/include/best_camera_app_msgs/best_camera_app_msgs/srv/detail/capture_server__rosidl_typesupport_introspection_c.h
[1.349s] -- Up-to-date: /home/dyjung/ros2_oneday/install/best_camera_app_msgs/include/best_camera_app_msgs/best_camera_app_msgs/srv/detail/camera_capture__rosidl_typesupport_introspection_c.h
[1.349s] -- Up-to-date: /home/dyjung/ros2_oneday/install/best_camera_app_msgs/lib/libbest_camera_app_msgs__rosidl_typesupport_introspection_c.so
[1.349s] -- Up-to-date: /home/dyjung/ros2_oneday/install/best_camera_app_msgs/lib/libbest_camera_app_msgs__rosidl_typesupport_c.so
[1.349s] -- Up-to-date: /home/dyjung/ros2_oneday/install/best_camera_app_msgs/include/best_camera_app_msgs/best_camera_app_msgs
[1.349s] -- Up-to-date: /home/dyjung/ros2_oneday/install/best_camera_app_msgs/include/best_camera_app_msgs/best_camera_app_msgs/srv
[1.349s] -- Up-to-date: /home/dyjung/ros2_oneday/install/best_camera_app_msgs/include/best_camera_app_msgs/best_camera_app_msgs/srv/camera_capture.hpp
[1.349s] -- Up-to-date: /home/dyjung/ros2_oneday/install/best_camera_app_msgs/include/best_camera_app_msgs/best_camera_app_msgs/srv/apply_rgb_service.hpp
[1.349s] -- Up-to-date: /home/dyjung/ros2_oneday/install/best_camera_app_msgs/include/best_camera_app_msgs/best_camera_app_msgs/srv/detail
[1.349s] -- Up-to-date: /home/dyjung/ros2_oneday/install/best_camera_app_msgs/include/best_camera_app_msgs/best_camera_app_msgs/srv/detail/apply_blurr_service__struct.hpp
[1.349s] -- Up-to-date: /home/dyjung/ros2_oneday/install/best_camera_app_msgs/include/best_camera_app_msgs/best_camera_app_msgs/srv/detail/apply_rgb_service__struct.hpp
[1.349s] -- Up-to-date: /home/dyjung/ros2_oneday/install/best_camera_app_msgs/include/best_camera_app_msgs/best_camera_app_msgs/srv/detail/capture_server__struct.hpp
[1.349s] -- Up-to-date: /home/dyjung/ros2_oneday/install/best_camera_app_msgs/include/best_camera_app_msgs/best_camera_app_msgs/srv/detail/camera_capture__struct.hpp
[1.349s] -- Up-to-date: /home/dyjung/ros2_oneday/install/best_camera_app_msgs/include/best_camera_app_msgs/best_camera_app_msgs/srv/detail/apply_rgb_service__builder.hpp
[1.349s] -- Up-to-date: /home/dyjung/ros2_oneday/install/best_camera_app_msgs/include/best_camera_app_msgs/best_camera_app_msgs/srv/detail/capture_server__traits.hpp
[1.349s] -- Up-to-date: /home/dyjung/ros2_oneday/install/best_camera_app_msgs/include/best_camera_app_msgs/best_camera_app_msgs/srv/detail/capture_service__struct.hpp
[1.349s] -- Up-to-date: /home/dyjung/ros2_oneday/install/best_camera_app_msgs/include/best_camera_app_msgs/best_camera_app_msgs/srv/detail/capture_service__builder.hpp
[1.349s] -- Up-to-date: /home/dyjung/ros2_oneday/install/best_camera_app_msgs/include/best_camera_app_msgs/best_camera_app_msgs/srv/detail/video_record_service__traits.hpp
[1.349s] -- Up-to-date: /home/dyjung/ros2_oneday/install/best_camera_app_msgs/include/best_camera_app_msgs/best_camera_app_msgs/srv/detail/apply_blurr_service__traits.hpp
[1.350s] -- Up-to-date: /home/dyjung/ros2_oneday/install/best_camera_app_msgs/include/best_camera_app_msgs/best_camera_app_msgs/srv/detail/camera_capture__builder.hpp
[1.350s] -- Up-to-date: /home/dyjung/ros2_oneday/install/best_camera_app_msgs/include/best_camera_app_msgs/best_camera_app_msgs/srv/detail/apply_rgb_service__traits.hpp
[1.350s] -- Up-to-date: /home/dyjung/ros2_oneday/install/best_camera_app_msgs/include/best_camera_app_msgs/best_camera_app_msgs/srv/detail/video_record_service__builder.hpp
[1.350s] -- Up-to-date: /home/dyjung/ros2_oneday/install/best_camera_app_msgs/include/best_camera_app_msgs/best_camera_app_msgs/srv/detail/apply_blurr_service__builder.hpp
[1.350s] -- Up-to-date: /home/dyjung/ros2_oneday/install/best_camera_app_msgs/include/best_camera_app_msgs/best_camera_app_msgs/srv/detail/capture_server__builder.hpp
[1.350s] -- Up-to-date: /home/dyjung/ros2_oneday/install/best_camera_app_msgs/include/best_camera_app_msgs/best_camera_app_msgs/srv/detail/video_record_service__struct.hpp
[1.350s] -- Up-to-date: /home/dyjung/ros2_oneday/install/best_camera_app_msgs/include/best_camera_app_msgs/best_camera_app_msgs/srv/detail/camera_capture__traits.hpp
[1.350s] -- Up-to-date: /home/dyjung/ros2_oneday/install/best_camera_app_msgs/include/best_camera_app_msgs/best_camera_app_msgs/srv/detail/capture_service__traits.hpp
[1.350s] -- Up-to-date: /home/dyjung/ros2_oneday/install/best_camera_app_msgs/include/best_camera_app_msgs/best_camera_app_msgs/srv/capture_service.hpp
[1.350s] -- Up-to-date: /home/dyjung/ros2_oneday/install/best_camera_app_msgs/include/best_camera_app_msgs/best_camera_app_msgs/srv/apply_blurr_service.hpp
[1.350s] -- Up-to-date: /home/dyjung/ros2_oneday/install/best_camera_app_msgs/include/best_camera_app_msgs/best_camera_app_msgs/srv/capture_server.hpp
[1.350s] -- Up-to-date: /home/dyjung/ros2_oneday/install/best_camera_app_msgs/include/best_camera_app_msgs/best_camera_app_msgs/srv/video_record_service.hpp
[1.350s] -- Up-to-date: /home/dyjung/ros2_oneday/install/best_camera_app_msgs/include/best_camera_app_msgs/best_camera_app_msgs
[1.350s] -- Up-to-date: /home/dyjung/ros2_oneday/install/best_camera_app_msgs/include/best_camera_app_msgs/best_camera_app_msgs/msg
[1.350s] -- Up-to-date: /home/dyjung/ros2_oneday/install/best_camera_app_msgs/include/best_camera_app_msgs/best_camera_app_msgs/msg/rosidl_typesupport_fastrtps_cpp__visibility_control.h
[1.350s] -- Up-to-date: /home/dyjung/ros2_oneday/install/best_camera_app_msgs/include/best_camera_app_msgs/best_camera_app_msgs/srv
[1.350s] -- Up-to-date: /home/dyjung/ros2_oneday/install/best_camera_app_msgs/include/best_camera_app_msgs/best_camera_app_msgs/srv/detail
[1.350s] -- Up-to-date: /home/dyjung/ros2_oneday/install/best_camera_app_msgs/include/best_camera_app_msgs/best_camera_app_msgs/srv/detail/capture_service__rosidl_typesupport_fastrtps_cpp.hpp
[1.350s] -- Up-to-date: /home/dyjung/ros2_oneday/install/best_camera_app_msgs/include/best_camera_app_msgs/best_camera_app_msgs/srv/detail/dds_fastrtps
[1.350s] -- Up-to-date: /home/dyjung/ros2_oneday/install/best_camera_app_msgs/include/best_camera_app_msgs/best_camera_app_msgs/srv/detail/capture_server__rosidl_typesupport_fastrtps_cpp.hpp
[1.350s] -- Up-to-date: /home/dyjung/ros2_oneday/install/best_camera_app_msgs/include/best_camera_app_msgs/best_camera_app_msgs/srv/detail/camera_capture__rosidl_typesupport_fastrtps_cpp.hpp
[1.350s] -- Up-to-date: /home/dyjung/ros2_oneday/install/best_camera_app_msgs/include/best_camera_app_msgs/best_camera_app_msgs/srv/detail/apply_blurr_service__rosidl_typesupport_fastrtps_cpp.hpp
[1.351s] -- Up-to-date: /home/dyjung/ros2_oneday/install/best_camera_app_msgs/include/best_camera_app_msgs/best_camera_app_msgs/srv/detail/video_record_service__rosidl_typesupport_fastrtps_cpp.hpp
[1.351s] -- Up-to-date: /home/dyjung/ros2_oneday/install/best_camera_app_msgs/include/best_camera_app_msgs/best_camera_app_msgs/srv/detail/apply_rgb_service__rosidl_typesupport_fastrtps_cpp.hpp
[1.351s] -- Up-to-date: /home/dyjung/ros2_oneday/install/best_camera_app_msgs/lib/libbest_camera_app_msgs__rosidl_typesupport_fastrtps_cpp.so
[1.351s] -- Up-to-date: /home/dyjung/ros2_oneday/install/best_camera_app_msgs/include/best_camera_app_msgs/best_camera_app_msgs
[1.351s] -- Up-to-date: /home/dyjung/ros2_oneday/install/best_camera_app_msgs/include/best_camera_app_msgs/best_camera_app_msgs/srv
[1.351s] -- Up-to-date: /home/dyjung/ros2_oneday/install/best_camera_app_msgs/include/best_camera_app_msgs/best_camera_app_msgs/srv/detail
[1.351s] -- Up-to-date: /home/dyjung/ros2_oneday/install/best_camera_app_msgs/include/best_camera_app_msgs/best_camera_app_msgs/srv/detail/apply_blurr_service__rosidl_typesupport_introspection_cpp.hpp
[1.351s] -- Up-to-date: /home/dyjung/ros2_oneday/install/best_camera_app_msgs/include/best_camera_app_msgs/best_camera_app_msgs/srv/detail/capture_service__type_support.cpp
[1.351s] -- Up-to-date: /home/dyjung/ros2_oneday/install/best_camera_app_msgs/include/best_camera_app_msgs/best_camera_app_msgs/srv/detail/video_record_service__rosidl_typesupport_introspection_cpp.hpp
[1.351s] -- Up-to-date: /home/dyjung/ros2_oneday/install/best_camera_app_msgs/include/best_camera_app_msgs/best_camera_app_msgs/srv/detail/camera_capture__type_support.cpp
[1.351s] -- Up-to-date: /home/dyjung/ros2_oneday/install/best_camera_app_msgs/include/best_camera_app_msgs/best_camera_app_msgs/srv/detail/apply_blurr_service__type_support.cpp
[1.351s] -- Up-to-date: /home/dyjung/ros2_oneday/install/best_camera_app_msgs/include/best_camera_app_msgs/best_camera_app_msgs/srv/detail/capture_service__rosidl_typesupport_introspection_cpp.hpp
[1.351s] -- Up-to-date: /home/dyjung/ros2_oneday/install/best_camera_app_msgs/include/best_camera_app_msgs/best_camera_app_msgs/srv/detail/apply_rgb_service__rosidl_typesupport_introspection_cpp.hpp
[1.351s] -- Up-to-date: /home/dyjung/ros2_oneday/install/best_camera_app_msgs/include/best_camera_app_msgs/best_camera_app_msgs/srv/detail/camera_capture__rosidl_typesupport_introspection_cpp.hpp
[1.351s] -- Up-to-date: /home/dyjung/ros2_oneday/install/best_camera_app_msgs/include/best_camera_app_msgs/best_camera_app_msgs/srv/detail/capture_server__rosidl_typesupport_introspection_cpp.hpp
[1.351s] -- Up-to-date: /home/dyjung/ros2_oneday/install/best_camera_app_msgs/include/best_camera_app_msgs/best_camera_app_msgs/srv/detail/capture_server__type_support.cpp
[1.351s] -- Up-to-date: /home/dyjung/ros2_oneday/install/best_camera_app_msgs/include/best_camera_app_msgs/best_camera_app_msgs/srv/detail/apply_rgb_service__type_support.cpp
[1.351s] -- Up-to-date: /home/dyjung/ros2_oneday/install/best_camera_app_msgs/include/best_camera_app_msgs/best_camera_app_msgs/srv/detail/video_record_service__type_support.cpp
[1.351s] -- Up-to-date: /home/dyjung/ros2_oneday/install/best_camera_app_msgs/lib/libbest_camera_app_msgs__rosidl_typesupport_introspection_cpp.so
[1.351s] -- Up-to-date: /home/dyjung/ros2_oneday/install/best_camera_app_msgs/lib/libbest_camera_app_msgs__rosidl_typesupport_cpp.so
[1.352s] -- Up-to-date: /home/dyjung/ros2_oneday/install/best_camera_app_msgs/share/best_camera_app_msgs/environment/pythonpath.sh
[1.352s] -- Installing: /home/dyjung/ros2_oneday/install/best_camera_app_msgs/share/best_camera_app_msgs/environment/pythonpath.dsv
[1.352s] -- Up-to-date: /home/dyjung/ros2_oneday/install/best_camera_app_msgs/local/lib/python3.10/dist-packages/best_camera_app_msgs-0.0.0-py3.10.egg-info
[1.352s] -- Installing: /home/dyjung/ros2_oneday/install/best_camera_app_msgs/local/lib/python3.10/dist-packages/best_camera_app_msgs-0.0.0-py3.10.egg-info/dependency_links.txt
[1.352s] -- Installing: /home/dyjung/ros2_oneday/install/best_camera_app_msgs/local/lib/python3.10/dist-packages/best_camera_app_msgs-0.0.0-py3.10.egg-info/SOURCES.txt
[1.352s] -- Installing: /home/dyjung/ros2_oneday/install/best_camera_app_msgs/local/lib/python3.10/dist-packages/best_camera_app_msgs-0.0.0-py3.10.egg-info/top_level.txt
[1.352s] -- Installing: /home/dyjung/ros2_oneday/install/best_camera_app_msgs/local/lib/python3.10/dist-packages/best_camera_app_msgs-0.0.0-py3.10.egg-info/PKG-INFO
[1.352s] -- Up-to-date: /home/dyjung/ros2_oneday/install/best_camera_app_msgs/local/lib/python3.10/dist-packages/best_camera_app_msgs
[1.352s] -- Up-to-date: /home/dyjung/ros2_oneday/install/best_camera_app_msgs/local/lib/python3.10/dist-packages/best_camera_app_msgs/_best_camera_app_msgs_s.ep.rosidl_typesupport_introspection_c.c
[1.352s] -- Up-to-date: /home/dyjung/ros2_oneday/install/best_camera_app_msgs/local/lib/python3.10/dist-packages/best_camera_app_msgs/best_camera_app_msgs_s__rosidl_typesupport_introspection_c.cpython-310-x86_64-linux-gnu.so
[1.352s] -- Up-to-date: /home/dyjung/ros2_oneday/install/best_camera_app_msgs/local/lib/python3.10/dist-packages/best_camera_app_msgs/_best_camera_app_msgs_s.ep.rosidl_typesupport_c.c
[1.352s] -- Up-to-date: /home/dyjung/ros2_oneday/install/best_camera_app_msgs/local/lib/python3.10/dist-packages/best_camera_app_msgs/_best_camera_app_msgs_s.ep.rosidl_typesupport_fastrtps_c.c
[1.352s] -- Installing: /home/dyjung/ros2_oneday/install/best_camera_app_msgs/local/lib/python3.10/dist-packages/best_camera_app_msgs/__init__.py
[1.352s] -- Up-to-date: /home/dyjung/ros2_oneday/install/best_camera_app_msgs/local/lib/python3.10/dist-packages/best_camera_app_msgs/srv
[1.352s] -- Up-to-date: /home/dyjung/ros2_oneday/install/best_camera_app_msgs/local/lib/python3.10/dist-packages/best_camera_app_msgs/srv/_camera_capture.py
[1.352s] -- Up-to-date: /home/dyjung/ros2_oneday/install/best_camera_app_msgs/local/lib/python3.10/dist-packages/best_camera_app_msgs/srv/_capture_server_s.c
[1.352s] -- Up-to-date: /home/dyjung/ros2_oneday/install/best_camera_app_msgs/local/lib/python3.10/dist-packages/best_camera_app_msgs/srv/_capture_service.py
[1.352s] -- Up-to-date: /home/dyjung/ros2_oneday/install/best_camera_app_msgs/local/lib/python3.10/dist-packages/best_camera_app_msgs/srv/_apply_blurr_service.py
[1.352s] -- Up-to-date: /home/dyjung/ros2_oneday/install/best_camera_app_msgs/local/lib/python3.10/dist-packages/best_camera_app_msgs/srv/_video_record_service_s.c
[1.352s] -- Up-to-date: /home/dyjung/ros2_oneday/install/best_camera_app_msgs/local/lib/python3.10/dist-packages/best_camera_app_msgs/srv/_camera_capture_s.c
[1.352s] -- Up-to-date: /home/dyjung/ros2_oneday/install/best_camera_app_msgs/local/lib/python3.10/dist-packages/best_camera_app_msgs/srv/__init__.py
[1.353s] -- Up-to-date: /home/dyjung/ros2_oneday/install/best_camera_app_msgs/local/lib/python3.10/dist-packages/best_camera_app_msgs/srv/_capture_service_s.c
[1.353s] -- Up-to-date: /home/dyjung/ros2_oneday/install/best_camera_app_msgs/local/lib/python3.10/dist-packages/best_camera_app_msgs/srv/_capture_server.py
[1.353s] -- Up-to-date: /home/dyjung/ros2_oneday/install/best_camera_app_msgs/local/lib/python3.10/dist-packages/best_camera_app_msgs/srv/_apply_rgb_service.py
[1.353s] -- Up-to-date: /home/dyjung/ros2_oneday/install/best_camera_app_msgs/local/lib/python3.10/dist-packages/best_camera_app_msgs/srv/_apply_blurr_service_s.c
[1.353s] -- Up-to-date: /home/dyjung/ros2_oneday/install/best_camera_app_msgs/local/lib/python3.10/dist-packages/best_camera_app_msgs/srv/_video_record_service.py
[1.353s] -- Up-to-date: /home/dyjung/ros2_oneday/install/best_camera_app_msgs/local/lib/python3.10/dist-packages/best_camera_app_msgs/srv/_apply_rgb_service_s.c
[1.353s] -- Up-to-date: /home/dyjung/ros2_oneday/install/best_camera_app_msgs/local/lib/python3.10/dist-packages/best_camera_app_msgs/best_camera_app_msgs_s__rosidl_typesupport_fastrtps_c.cpython-310-x86_64-linux-gnu.so
[1.353s] -- Up-to-date: /home/dyjung/ros2_oneday/install/best_camera_app_msgs/local/lib/python3.10/dist-packages/best_camera_app_msgs/best_camera_app_msgs_s__rosidl_typesupport_c.cpython-310-x86_64-linux-gnu.so
[1.353s] -- Up-to-date: /home/dyjung/ros2_oneday/install/best_camera_app_msgs/local/lib/python3.10/dist-packages/best_camera_app_msgs/libbest_camera_app_msgs__rosidl_generator_py.so
[1.373s] Listing '/home/dyjung/ros2_oneday/install/best_camera_app_msgs/local/lib/python3.10/dist-packages/best_camera_app_msgs'...
[1.373s] Compiling '/home/dyjung/ros2_oneday/install/best_camera_app_msgs/local/lib/python3.10/dist-packages/best_camera_app_msgs/__init__.py'...
[1.373s] Listing '/home/dyjung/ros2_oneday/install/best_camera_app_msgs/local/lib/python3.10/dist-packages/best_camera_app_msgs/srv'...
[1.376s] -- Up-to-date: /home/dyjung/ros2_oneday/install/best_camera_app_msgs/local/lib/python3.10/dist-packages/best_camera_app_msgs/best_camera_app_msgs_s__rosidl_typesupport_fastrtps_c.cpython-310-x86_64-linux-gnu.so
[1.376s] -- Up-to-date: /home/dyjung/ros2_oneday/install/best_camera_app_msgs/local/lib/python3.10/dist-packages/best_camera_app_msgs/best_camera_app_msgs_s__rosidl_typesupport_introspection_c.cpython-310-x86_64-linux-gnu.so
[1.376s] -- Up-to-date: /home/dyjung/ros2_oneday/install/best_camera_app_msgs/local/lib/python3.10/dist-packages/best_camera_app_msgs/best_camera_app_msgs_s__rosidl_typesupport_c.cpython-310-x86_64-linux-gnu.so
[1.376s] -- Up-to-date: /home/dyjung/ros2_oneday/install/best_camera_app_msgs/lib/libbest_camera_app_msgs__rosidl_generator_py.so
[1.377s] -- Up-to-date: /home/dyjung/ros2_oneday/install/best_camera_app_msgs/share/best_camera_app_msgs/srv/CaptureService.idl
[1.377s] -- Up-to-date: /home/dyjung/ros2_oneday/install/best_camera_app_msgs/share/best_camera_app_msgs/srv/VideoRecordService.idl
[1.377s] -- Up-to-date: /home/dyjung/ros2_oneday/install/best_camera_app_msgs/share/best_camera_app_msgs/srv/ApplyBlurrService.idl
[1.377s] -- Up-to-date: /home/dyjung/ros2_oneday/install/best_camera_app_msgs/share/best_camera_app_msgs/srv/ApplyRGBService.idl
[1.377s] -- Up-to-date: /home/dyjung/ros2_oneday/install/best_camera_app_msgs/share/best_camera_app_msgs/srv/CaptureService.srv
[1.377s] -- Up-to-date: /home/dyjung/ros2_oneday/install/best_camera_app_msgs/share/best_camera_app_msgs/srv/CaptureService_Request.msg
[1.377s] -- Up-to-date: /home/dyjung/ros2_oneday/install/best_camera_app_msgs/share/best_camera_app_msgs/srv/CaptureService_Response.msg
[1.377s] -- Up-to-date: /home/dyjung/ros2_oneday/install/best_camera_app_msgs/share/best_camera_app_msgs/srv/VideoRecordService.srv
[1.377s] -- Up-to-date: /home/dyjung/ros2_oneday/install/best_camera_app_msgs/share/best_camera_app_msgs/srv/VideoRecordService_Request.msg
[1.377s] -- Up-to-date: /home/dyjung/ros2_oneday/install/best_camera_app_msgs/share/best_camera_app_msgs/srv/VideoRecordService_Response.msg
[1.377s] -- Up-to-date: /home/dyjung/ros2_oneday/install/best_camera_app_msgs/share/best_camera_app_msgs/srv/ApplyBlurrService.srv
[1.377s] -- Up-to-date: /home/dyjung/ros2_oneday/install/best_camera_app_msgs/share/best_camera_app_msgs/srv/ApplyBlurrService_Request.msg
[1.378s] -- Up-to-date: /home/dyjung/ros2_oneday/install/best_camera_app_msgs/share/best_camera_app_msgs/srv/ApplyBlurrService_Response.msg
[1.378s] -- Up-to-date: /home/dyjung/ros2_oneday/install/best_camera_app_msgs/share/best_camera_app_msgs/srv/ApplyRGBService.srv
[1.378s] -- Up-to-date: /home/dyjung/ros2_oneday/install/best_camera_app_msgs/share/best_camera_app_msgs/srv/ApplyRGBService_Request.msg
[1.378s] -- Up-to-date: /home/dyjung/ros2_oneday/install/best_camera_app_msgs/share/best_camera_app_msgs/srv/ApplyRGBService_Response.msg
[1.378s] -- Up-to-date: /home/dyjung/ros2_oneday/install/best_camera_app_msgs/share/ament_index/resource_index/package_run_dependencies/best_camera_app_msgs
[1.378s] -- Up-to-date: /home/dyjung/ros2_oneday/install/best_camera_app_msgs/share/ament_index/resource_index/parent_prefix_path/best_camera_app_msgs
[1.378s] -- Up-to-date: /home/dyjung/ros2_oneday/install/best_camera_app_msgs/share/best_camera_app_msgs/environment/ament_prefix_path.sh
[1.378s] -- Installing: /home/dyjung/ros2_oneday/install/best_camera_app_msgs/share/best_camera_app_msgs/environment/ament_prefix_path.dsv
[1.378s] -- Up-to-date: /home/dyjung/ros2_oneday/install/best_camera_app_msgs/share/best_camera_app_msgs/environment/path.sh
[1.378s] -- Installing: /home/dyjung/ros2_oneday/install/best_camera_app_msgs/share/best_camera_app_msgs/environment/path.dsv
[1.378s] -- Up-to-date: /home/dyjung/ros2_oneday/install/best_camera_app_msgs/share/best_camera_app_msgs/local_setup.bash
[1.378s] -- Up-to-date: /home/dyjung/ros2_oneday/install/best_camera_app_msgs/share/best_camera_app_msgs/local_setup.sh
[1.378s] -- Up-to-date: /home/dyjung/ros2_oneday/install/best_camera_app_msgs/share/best_camera_app_msgs/local_setup.zsh
[1.378s] -- Installing: /home/dyjung/ros2_oneday/install/best_camera_app_msgs/share/best_camera_app_msgs/local_setup.dsv
[1.378s] -- Installing: /home/dyjung/ros2_oneday/install/best_camera_app_msgs/share/best_camera_app_msgs/package.dsv
[1.378s] -- Up-to-date: /home/dyjung/ros2_oneday/install/best_camera_app_msgs/share/ament_index/resource_index/packages/best_camera_app_msgs
[1.378s] -- Up-to-date: /home/dyjung/ros2_oneday/install/best_camera_app_msgs/share/best_camera_app_msgs/cmake/export_best_camera_app_msgs__rosidl_generator_cExport.cmake
[1.378s] -- Up-to-date: /home/dyjung/ros2_oneday/install/best_camera_app_msgs/share/best_camera_app_msgs/cmake/export_best_camera_app_msgs__rosidl_generator_cExport-noconfig.cmake
[1.379s] -- Up-to-date: /home/dyjung/ros2_oneday/install/best_camera_app_msgs/share/best_camera_app_msgs/cmake/export_best_camera_app_msgs__rosidl_typesupport_fastrtps_cExport.cmake
[1.379s] -- Up-to-date: /home/dyjung/ros2_oneday/install/best_camera_app_msgs/share/best_camera_app_msgs/cmake/export_best_camera_app_msgs__rosidl_typesupport_fastrtps_cExport-noconfig.cmake
[1.379s] -- Up-to-date: /home/dyjung/ros2_oneday/install/best_camera_app_msgs/share/best_camera_app_msgs/cmake/best_camera_app_msgs__rosidl_typesupport_introspection_cExport.cmake
[1.379s] -- Up-to-date: /home/dyjung/ros2_oneday/install/best_camera_app_msgs/share/best_camera_app_msgs/cmake/best_camera_app_msgs__rosidl_typesupport_introspection_cExport-noconfig.cmake
[1.379s] -- Up-to-date: /home/dyjung/ros2_oneday/install/best_camera_app_msgs/share/best_camera_app_msgs/cmake/best_camera_app_msgs__rosidl_typesupport_cExport.cmake
[1.379s] -- Up-to-date: /home/dyjung/ros2_oneday/install/best_camera_app_msgs/share/best_camera_app_msgs/cmake/best_camera_app_msgs__rosidl_typesupport_cExport-noconfig.cmake
[1.379s] -- Up-to-date: /home/dyjung/ros2_oneday/install/best_camera_app_msgs/share/best_camera_app_msgs/cmake/export_best_camera_app_msgs__rosidl_generator_cppExport.cmake
[1.379s] -- Up-to-date: /home/dyjung/ros2_oneday/install/best_camera_app_msgs/share/best_camera_app_msgs/cmake/export_best_camera_app_msgs__rosidl_typesupport_fastrtps_cppExport.cmake
[1.379s] -- Up-to-date: /home/dyjung/ros2_oneday/install/best_camera_app_msgs/share/best_camera_app_msgs/cmake/export_best_camera_app_msgs__rosidl_typesupport_fastrtps_cppExport-noconfig.cmake
[1.379s] -- Up-to-date: /home/dyjung/ros2_oneday/install/best_camera_app_msgs/share/best_camera_app_msgs/cmake/best_camera_app_msgs__rosidl_typesupport_introspection_cppExport.cmake
[1.379s] -- Up-to-date: /home/dyjung/ros2_oneday/install/best_camera_app_msgs/share/best_camera_app_msgs/cmake/best_camera_app_msgs__rosidl_typesupport_introspection_cppExport-noconfig.cmake
[1.379s] -- Up-to-date: /home/dyjung/ros2_oneday/install/best_camera_app_msgs/share/best_camera_app_msgs/cmake/best_camera_app_msgs__rosidl_typesupport_cppExport.cmake
[1.379s] -- Up-to-date: /home/dyjung/ros2_oneday/install/best_camera_app_msgs/share/best_camera_app_msgs/cmake/best_camera_app_msgs__rosidl_typesupport_cppExport-noconfig.cmake
[1.379s] -- Up-to-date: /home/dyjung/ros2_oneday/install/best_camera_app_msgs/share/best_camera_app_msgs/cmake/export_best_camera_app_msgs__rosidl_generator_pyExport.cmake
[1.379s] -- Up-to-date: /home/dyjung/ros2_oneday/install/best_camera_app_msgs/share/best_camera_app_msgs/cmake/export_best_camera_app_msgs__rosidl_generator_pyExport-noconfig.cmake
[1.379s] -- Up-to-date: /home/dyjung/ros2_oneday/install/best_camera_app_msgs/share/best_camera_app_msgs/cmake/rosidl_cmake-extras.cmake
[1.379s] -- Up-to-date: /home/dyjung/ros2_oneday/install/best_camera_app_msgs/share/best_camera_app_msgs/cmake/ament_cmake_export_include_directories-extras.cmake
[1.379s] -- Up-to-date: /home/dyjung/ros2_oneday/install/best_camera_app_msgs/share/best_camera_app_msgs/cmake/ament_cmake_export_libraries-extras.cmake
[1.379s] -- Up-to-date: /home/dyjung/ros2_oneday/install/best_camera_app_msgs/share/best_camera_app_msgs/cmake/ament_cmake_export_targets-extras.cmake
[1.380s] -- Up-to-date: /home/dyjung/ros2_oneday/install/best_camera_app_msgs/share/best_camera_app_msgs/cmake/rosidl_cmake_export_typesupport_targets-extras.cmake
[1.380s] -- Up-to-date: /home/dyjung/ros2_oneday/install/best_camera_app_msgs/share/best_camera_app_msgs/cmake/ament_cmake_export_dependencies-extras.cmake
[1.380s] -- Up-to-date: /home/dyjung/ros2_oneday/install/best_camera_app_msgs/share/best_camera_app_msgs/cmake/rosidl_cmake_export_typesupport_libraries-extras.cmake
[1.380s] -- Up-to-date: /home/dyjung/ros2_oneday/install/best_camera_app_msgs/share/best_camera_app_msgs/cmake/best_camera_app_msgsConfig.cmake
[1.380s] -- Up-to-date: /home/dyjung/ros2_oneday/install/best_camera_app_msgs/share/best_camera_app_msgs/cmake/best_camera_app_msgsConfig-version.cmake
[1.380s] -- Up-to-date: /home/dyjung/ros2_oneday/install/best_camera_app_msgs/share/best_camera_app_msgs/package.xml
[1.381s] Invoked command in '/home/dyjung/git_ws/ros2_camera_project/ros2_oneday/build/best_camera_app_msgs' returned '0': CMAKE_PREFIX_PATH=${CMAKE_PREFIX_PATH}:/home/dyjung/ros2_oneday/install/best_camera_app:/opt/ros/humble /usr/bin/cmake --install /home/dyjung/git_ws/ros2_camera_project/ros2_oneday/build/best_camera_app_msgs
