[0.241s] Invoking command in '/home/dyjung/ros2_oneday/build/best_camera_app_msgs': CMAKE_PREFIX_PATH=${CMAKE_PREFIX_PATH}:/home/dyjung/ros2_oneday/install/best_camera_app:/opt/ros/humble /usr/bin/cmake --build /home/dyjung/ros2_oneday/build/best_camera_app_msgs -- -j12 -l12
[0.258s] -- Found ament_cmake: 1.3.8 (/opt/ros/humble/share/ament_cmake/cmake)
[0.352s] -- Found rosidl_default_generators: 1.2.0 (/opt/ros/humble/share/rosidl_default_generators/cmake)
[0.353s] -- Using all available rosidl_typesupport_c: rosidl_typesupport_fastrtps_c;rosidl_typesupport_introspection_c
[0.356s] -- Found rosidl_adapter: 3.1.5 (/opt/ros/humble/share/rosidl_adapter/cmake)
[0.379s] -- Using all available rosidl_typesupport_cpp: rosidl_typesupport_fastrtps_cpp;rosidl_typesupport_introspection_cpp
[0.589s] -- Found ament_cmake_ros: 0.10.0 (/opt/ros/humble/share/ament_cmake_ros/cmake)
[0.724s] -- Using all available rosidl_typesupport_c: rosidl_typesupport_fastrtps_c;rosidl_typesupport_introspection_c
[0.904s] -- Using all available rosidl_typesupport_cpp: rosidl_typesupport_fastrtps_cpp;rosidl_typesupport_introspection_cpp
[0.921s] -- Found python_cmake_module: 0.10.0 (/opt/ros/humble/share/python_cmake_module/cmake)
[0.938s] -- Using PYTHON_EXECUTABLE: /usr/bin/python3
[0.938s] -- Using PYTHON_INCLUDE_DIRS: /usr/include/python3.10
[0.938s] -- Using PYTHON_LIBRARIES: /usr/lib/x86_64-linux-gnu/libpython3.10.so
[0.946s] -- Found ament_lint_auto: 0.12.10 (/opt/ros/humble/share/ament_lint_auto/cmake)
[0.952s] -- Added test 'lint_cmake' to check CMake code style
[0.953s] -- Added test 'xmllint' to check XML markup files
[0.954s] -- Configuring done
[0.974s] -- Generating done
[0.976s] -- Build files have been written to: /home/dyjung/ros2_oneday/build/best_camera_app_msgs
[0.994s] [  3%] [34m[1mGenerating C code for ROS interfaces[0m
[1.001s] [  6%] [34m[1mGenerating C++ code for ROS interfaces[0m
[1.009s] [  6%] Built target ament_cmake_python_copy_best_camera_app_msgs
[1.211s] [  6%] Built target best_camera_app_msgs__cpp
[1.218s] [  9%] [32mBuilding C object CMakeFiles/best_camera_app_msgs__rosidl_generator_c.dir/rosidl_generator_c/best_camera_app_msgs/srv/detail/capture_server__functions.c.o[0m
[1.219s] [ 16%] [34m[1mGenerating C++ type support dispatch for ROS interfaces[0m
[1.219s] [ 16%] [34m[1mGenerating C++ type support for eProsima Fast-RTPS[0m
[1.219s] [ 19%] [34m[1mGenerating C++ introspection for ROS interfaces[0m
[1.227s] running egg_info
[1.227s] writing best_camera_app_msgs.egg-info/PKG-INFO
[1.228s] writing dependency_links to best_camera_app_msgs.egg-info/dependency_links.txt
[1.228s] writing top-level names to best_camera_app_msgs.egg-info/top_level.txt
[1.230s] reading manifest file 'best_camera_app_msgs.egg-info/SOURCES.txt'
[1.230s] writing manifest file 'best_camera_app_msgs.egg-info/SOURCES.txt'
[1.258s] [ 19%] Built target ament_cmake_python_build_best_camera_app_msgs_egg
[1.264s] [ 22%] [32m[1mLinking C shared library libbest_camera_app_msgs__rosidl_generator_c.so[0m
[1.292s] [ 22%] Built target best_camera_app_msgs__rosidl_generator_c
[1.299s] [ 32%] [34m[1mGenerating C introspection for ROS interfaces[0m
[1.299s] [ 32%] [34m[1mGenerating C type support for eProsima Fast-RTPS[0m
[1.299s] [ 32%] [34m[1mGenerating C type support dispatch for ROS interfaces[0m
[1.408s] [ 35%] [32mBuilding CXX object CMakeFiles/best_camera_app_msgs__rosidl_typesupport_cpp.dir/rosidl_typesupport_cpp/best_camera_app_msgs/srv/capture_server__type_support.cpp.o[0m
[1.428s] [ 38%] [32mBuilding CXX object CMakeFiles/best_camera_app_msgs__rosidl_typesupport_introspection_cpp.dir/rosidl_typesupport_introspection_cpp/best_camera_app_msgs/srv/detail/capture_server__type_support.cpp.o[0m
[1.438s] [ 41%] [32mBuilding CXX object CMakeFiles/best_camera_app_msgs__rosidl_typesupport_fastrtps_cpp.dir/rosidl_typesupport_fastrtps_cpp/best_camera_app_msgs/srv/detail/dds_fastrtps/capture_server__type_support.cpp.o[0m
[1.486s] [ 45%] [32mBuilding CXX object CMakeFiles/best_camera_app_msgs__rosidl_typesupport_c.dir/rosidl_typesupport_c/best_camera_app_msgs/srv/capture_server__type_support.cpp.o[0m
[1.515s] [ 48%] [32mBuilding C object CMakeFiles/best_camera_app_msgs__rosidl_typesupport_introspection_c.dir/rosidl_typesupport_introspection_c/best_camera_app_msgs/srv/detail/capture_server__type_support.c.o[0m
[1.518s] [ 51%] [32m[1mLinking CXX shared library libbest_camera_app_msgs__rosidl_typesupport_c.so[0m
[1.522s] [ 54%] [32mBuilding CXX object CMakeFiles/best_camera_app_msgs__rosidl_typesupport_fastrtps_c.dir/rosidl_typesupport_fastrtps_c/best_camera_app_msgs/srv/detail/capture_server__type_support_c.cpp.o[0m
[1.542s] [ 58%] [32m[1mLinking C shared library libbest_camera_app_msgs__rosidl_typesupport_introspection_c.so[0m
[1.552s] [ 58%] Built target best_camera_app_msgs__rosidl_typesupport_c
[1.567s] [ 58%] Built target best_camera_app_msgs__rosidl_typesupport_introspection_c
[1.617s] [ 61%] [32m[1mLinking CXX shared library libbest_camera_app_msgs__rosidl_typesupport_cpp.so[0m
[1.650s] [ 61%] Built target best_camera_app_msgs__rosidl_typesupport_cpp
[1.721s] [ 64%] [32m[1mLinking CXX shared library libbest_camera_app_msgs__rosidl_typesupport_introspection_cpp.so[0m
[1.754s] [ 67%] [32m[1mLinking CXX shared library libbest_camera_app_msgs__rosidl_typesupport_fastrtps_cpp.so[0m
[1.772s] [ 67%] Built target best_camera_app_msgs__rosidl_typesupport_introspection_cpp
[1.800s] [ 70%] [32m[1mLinking CXX shared library libbest_camera_app_msgs__rosidl_typesupport_fastrtps_c.so[0m
[1.810s] [ 70%] Built target best_camera_app_msgs__rosidl_typesupport_fastrtps_cpp
[1.852s] [ 70%] Built target best_camera_app_msgs__rosidl_typesupport_fastrtps_c
[1.866s] [ 70%] Built target best_camera_app_msgs
[1.880s] [ 74%] [34m[1mGenerating Python code for ROS interfaces[0m
[2.148s] [ 74%] Built target best_camera_app_msgs__py
[2.162s] [ 77%] [32mBuilding C object CMakeFiles/best_camera_app_msgs__rosidl_generator_py.dir/rosidl_generator_py/best_camera_app_msgs/srv/_capture_server_s.c.o[0m
[2.239s] [ 80%] [32m[1mLinking C shared library rosidl_generator_py/best_camera_app_msgs/libbest_camera_app_msgs__rosidl_generator_py.so[0m
[2.267s] [ 80%] Built target best_camera_app_msgs__rosidl_generator_py
[2.275s] [35m[1mConsolidate compiler generated dependencies of target best_camera_app_msgs__rosidl_typesupport_introspection_c__pyext[0m
[2.275s] [35m[1mConsolidate compiler generated dependencies of target best_camera_app_msgs__rosidl_typesupport_fastrtps_c__pyext[0m
[2.275s] [35m[1mConsolidate compiler generated dependencies of target best_camera_app_msgs__rosidl_typesupport_c__pyext[0m
[2.285s] [ 90%] [32mBuilding C object CMakeFiles/best_camera_app_msgs__rosidl_typesupport_fastrtps_c__pyext.dir/rosidl_generator_py/best_camera_app_msgs/_best_camera_app_msgs_s.ep.rosidl_typesupport_fastrtps_c.c.o[0m
[2.285s] [ 90%] [32mBuilding C object CMakeFiles/best_camera_app_msgs__rosidl_typesupport_c__pyext.dir/rosidl_generator_py/best_camera_app_msgs/_best_camera_app_msgs_s.ep.rosidl_typesupport_c.c.o[0m
[2.285s] [ 90%] [32mBuilding C object CMakeFiles/best_camera_app_msgs__rosidl_typesupport_introspection_c__pyext.dir/rosidl_generator_py/best_camera_app_msgs/_best_camera_app_msgs_s.ep.rosidl_typesupport_introspection_c.c.o[0m
[2.356s] [ 96%] [32m[1mLinking C shared library rosidl_generator_py/best_camera_app_msgs/best_camera_app_msgs_s__rosidl_typesupport_c.cpython-310-x86_64-linux-gnu.so[0m
[2.356s] [ 96%] [32m[1mLinking C shared library rosidl_generator_py/best_camera_app_msgs/best_camera_app_msgs_s__rosidl_typesupport_introspection_c.cpython-310-x86_64-linux-gnu.so[0m
[2.357s] [100%] [32m[1mLinking C shared library rosidl_generator_py/best_camera_app_msgs/best_camera_app_msgs_s__rosidl_typesupport_fastrtps_c.cpython-310-x86_64-linux-gnu.so[0m
[2.381s] [100%] Built target best_camera_app_msgs__rosidl_typesupport_c__pyext
[2.381s] [100%] Built target best_camera_app_msgs__rosidl_typesupport_fastrtps_c__pyext
[2.381s] [100%] Built target best_camera_app_msgs__rosidl_typesupport_introspection_c__pyext
[2.390s] Invoked command in '/home/dyjung/ros2_oneday/build/best_camera_app_msgs' returned '0': CMAKE_PREFIX_PATH=${CMAKE_PREFIX_PATH}:/home/dyjung/ros2_oneday/install/best_camera_app:/opt/ros/humble /usr/bin/cmake --build /home/dyjung/ros2_oneday/build/best_camera_app_msgs -- -j12 -l12
[2.434s] Invoking command in '/home/dyjung/ros2_oneday/build/best_camera_app_msgs': CMAKE_PREFIX_PATH=${CMAKE_PREFIX_PATH}:/home/dyjung/ros2_oneday/install/best_camera_app:/opt/ros/humble /usr/bin/cmake --install /home/dyjung/ros2_oneday/build/best_camera_app_msgs
[2.441s] -- Install configuration: ""
[2.441s] -- Installing: /home/dyjung/ros2_oneday/install/best_camera_app_msgs/share/ament_index/resource_index/rosidl_interfaces/best_camera_app_msgs
[2.441s] -- Up-to-date: /home/dyjung/ros2_oneday/install/best_camera_app_msgs/include/best_camera_app_msgs/best_camera_app_msgs
[2.441s] -- Up-to-date: /home/dyjung/ros2_oneday/install/best_camera_app_msgs/include/best_camera_app_msgs/best_camera_app_msgs/msg
[2.441s] -- Up-to-date: /home/dyjung/ros2_oneday/install/best_camera_app_msgs/include/best_camera_app_msgs/best_camera_app_msgs/msg/rosidl_generator_c__visibility_control.h
[2.441s] -- Up-to-date: /home/dyjung/ros2_oneday/install/best_camera_app_msgs/include/best_camera_app_msgs/best_camera_app_msgs/srv
[2.441s] -- Up-to-date: /home/dyjung/ros2_oneday/install/best_camera_app_msgs/include/best_camera_app_msgs/best_camera_app_msgs/srv/camera_capture.h
[2.441s] -- Up-to-date: /home/dyjung/ros2_oneday/install/best_camera_app_msgs/include/best_camera_app_msgs/best_camera_app_msgs/srv/detail
[2.441s] -- Up-to-date: /home/dyjung/ros2_oneday/install/best_camera_app_msgs/include/best_camera_app_msgs/best_camera_app_msgs/srv/detail/camera_capture__functions.h
[2.441s] -- Installing: /home/dyjung/ros2_oneday/install/best_camera_app_msgs/include/best_camera_app_msgs/best_camera_app_msgs/srv/detail/capture_server__functions.c
[2.441s] -- Installing: /home/dyjung/ros2_oneday/install/best_camera_app_msgs/include/best_camera_app_msgs/best_camera_app_msgs/srv/detail/capture_server__struct.h
[2.441s] -- Installing: /home/dyjung/ros2_oneday/install/best_camera_app_msgs/include/best_camera_app_msgs/best_camera_app_msgs/srv/detail/capture_server__functions.h
[2.442s] -- Up-to-date: /home/dyjung/ros2_oneday/install/best_camera_app_msgs/include/best_camera_app_msgs/best_camera_app_msgs/srv/detail/camera_capture__functions.c
[2.442s] -- Up-to-date: /home/dyjung/ros2_oneday/install/best_camera_app_msgs/include/best_camera_app_msgs/best_camera_app_msgs/srv/detail/camera_capture__type_support.h
[2.442s] -- Up-to-date: /home/dyjung/ros2_oneday/install/best_camera_app_msgs/include/best_camera_app_msgs/best_camera_app_msgs/srv/detail/camera_capture__struct.h
[2.442s] -- Installing: /home/dyjung/ros2_oneday/install/best_camera_app_msgs/include/best_camera_app_msgs/best_camera_app_msgs/srv/detail/capture_server__type_support.h
[2.442s] -- Installing: /home/dyjung/ros2_oneday/install/best_camera_app_msgs/include/best_camera_app_msgs/best_camera_app_msgs/srv/capture_server.h
[2.442s] -- Up-to-date: /home/dyjung/ros2_oneday/install/best_camera_app_msgs/share/best_camera_app_msgs/environment/library_path.sh
[2.442s] -- Installing: /home/dyjung/ros2_oneday/install/best_camera_app_msgs/share/best_camera_app_msgs/environment/library_path.dsv
[2.442s] -- Installing: /home/dyjung/ros2_oneday/install/best_camera_app_msgs/lib/libbest_camera_app_msgs__rosidl_generator_c.so
[2.442s] -- Set runtime path of "/home/dyjung/ros2_oneday/install/best_camera_app_msgs/lib/libbest_camera_app_msgs__rosidl_generator_c.so" to ""
[2.442s] -- Up-to-date: /home/dyjung/ros2_oneday/install/best_camera_app_msgs/include/best_camera_app_msgs/best_camera_app_msgs
[2.442s] -- Up-to-date: /home/dyjung/ros2_oneday/install/best_camera_app_msgs/include/best_camera_app_msgs/best_camera_app_msgs/msg
[2.442s] -- Up-to-date: /home/dyjung/ros2_oneday/install/best_camera_app_msgs/include/best_camera_app_msgs/best_camera_app_msgs/msg/rosidl_typesupport_fastrtps_c__visibility_control.h
[2.442s] -- Up-to-date: /home/dyjung/ros2_oneday/install/best_camera_app_msgs/include/best_camera_app_msgs/best_camera_app_msgs/srv
[2.442s] -- Up-to-date: /home/dyjung/ros2_oneday/install/best_camera_app_msgs/include/best_camera_app_msgs/best_camera_app_msgs/srv/detail
[2.442s] -- Installing: /home/dyjung/ros2_oneday/install/best_camera_app_msgs/include/best_camera_app_msgs/best_camera_app_msgs/srv/detail/capture_server__rosidl_typesupport_fastrtps_c.h
[2.442s] -- Up-to-date: /home/dyjung/ros2_oneday/install/best_camera_app_msgs/include/best_camera_app_msgs/best_camera_app_msgs/srv/detail/camera_capture__rosidl_typesupport_fastrtps_c.h
[2.442s] -- Installing: /home/dyjung/ros2_oneday/install/best_camera_app_msgs/lib/libbest_camera_app_msgs__rosidl_typesupport_fastrtps_c.so
[2.442s] -- Set runtime path of "/home/dyjung/ros2_oneday/install/best_camera_app_msgs/lib/libbest_camera_app_msgs__rosidl_typesupport_fastrtps_c.so" to ""
[2.443s] -- Up-to-date: /home/dyjung/ros2_oneday/install/best_camera_app_msgs/include/best_camera_app_msgs/best_camera_app_msgs
[2.443s] -- Up-to-date: /home/dyjung/ros2_oneday/install/best_camera_app_msgs/include/best_camera_app_msgs/best_camera_app_msgs/msg
[2.443s] -- Up-to-date: /home/dyjung/ros2_oneday/install/best_camera_app_msgs/include/best_camera_app_msgs/best_camera_app_msgs/msg/rosidl_typesupport_introspection_c__visibility_control.h
[2.443s] -- Up-to-date: /home/dyjung/ros2_oneday/install/best_camera_app_msgs/include/best_camera_app_msgs/best_camera_app_msgs/srv
[2.443s] -- Up-to-date: /home/dyjung/ros2_oneday/install/best_camera_app_msgs/include/best_camera_app_msgs/best_camera_app_msgs/srv/detail
[2.443s] -- Up-to-date: /home/dyjung/ros2_oneday/install/best_camera_app_msgs/include/best_camera_app_msgs/best_camera_app_msgs/srv/detail/camera_capture__type_support.c
[2.443s] -- Installing: /home/dyjung/ros2_oneday/install/best_camera_app_msgs/include/best_camera_app_msgs/best_camera_app_msgs/srv/detail/capture_server__type_support.c
[2.443s] -- Installing: /home/dyjung/ros2_oneday/install/best_camera_app_msgs/include/best_camera_app_msgs/best_camera_app_msgs/srv/detail/capture_server__rosidl_typesupport_introspection_c.h
[2.443s] -- Up-to-date: /home/dyjung/ros2_oneday/install/best_camera_app_msgs/include/best_camera_app_msgs/best_camera_app_msgs/srv/detail/camera_capture__rosidl_typesupport_introspection_c.h
[2.443s] -- Installing: /home/dyjung/ros2_oneday/install/best_camera_app_msgs/lib/libbest_camera_app_msgs__rosidl_typesupport_introspection_c.so
[2.443s] -- Set runtime path of "/home/dyjung/ros2_oneday/install/best_camera_app_msgs/lib/libbest_camera_app_msgs__rosidl_typesupport_introspection_c.so" to ""
[2.443s] -- Installing: /home/dyjung/ros2_oneday/install/best_camera_app_msgs/lib/libbest_camera_app_msgs__rosidl_typesupport_c.so
[2.443s] -- Set runtime path of "/home/dyjung/ros2_oneday/install/best_camera_app_msgs/lib/libbest_camera_app_msgs__rosidl_typesupport_c.so" to ""
[2.443s] -- Up-to-date: /home/dyjung/ros2_oneday/install/best_camera_app_msgs/include/best_camera_app_msgs/best_camera_app_msgs
[2.444s] -- Up-to-date: /home/dyjung/ros2_oneday/install/best_camera_app_msgs/include/best_camera_app_msgs/best_camera_app_msgs/srv
[2.444s] -- Up-to-date: /home/dyjung/ros2_oneday/install/best_camera_app_msgs/include/best_camera_app_msgs/best_camera_app_msgs/srv/camera_capture.hpp
[2.444s] -- Up-to-date: /home/dyjung/ros2_oneday/install/best_camera_app_msgs/include/best_camera_app_msgs/best_camera_app_msgs/srv/detail
[2.444s] -- Installing: /home/dyjung/ros2_oneday/install/best_camera_app_msgs/include/best_camera_app_msgs/best_camera_app_msgs/srv/detail/capture_server__struct.hpp
[2.444s] -- Up-to-date: /home/dyjung/ros2_oneday/install/best_camera_app_msgs/include/best_camera_app_msgs/best_camera_app_msgs/srv/detail/camera_capture__struct.hpp
[2.444s] -- Installing: /home/dyjung/ros2_oneday/install/best_camera_app_msgs/include/best_camera_app_msgs/best_camera_app_msgs/srv/detail/capture_server__traits.hpp
[2.444s] -- Up-to-date: /home/dyjung/ros2_oneday/install/best_camera_app_msgs/include/best_camera_app_msgs/best_camera_app_msgs/srv/detail/camera_capture__builder.hpp
[2.444s] -- Installing: /home/dyjung/ros2_oneday/install/best_camera_app_msgs/include/best_camera_app_msgs/best_camera_app_msgs/srv/detail/capture_server__builder.hpp
[2.444s] -- Up-to-date: /home/dyjung/ros2_oneday/install/best_camera_app_msgs/include/best_camera_app_msgs/best_camera_app_msgs/srv/detail/camera_capture__traits.hpp
[2.444s] -- Installing: /home/dyjung/ros2_oneday/install/best_camera_app_msgs/include/best_camera_app_msgs/best_camera_app_msgs/srv/capture_server.hpp
[2.444s] -- Up-to-date: /home/dyjung/ros2_oneday/install/best_camera_app_msgs/include/best_camera_app_msgs/best_camera_app_msgs
[2.444s] -- Up-to-date: /home/dyjung/ros2_oneday/install/best_camera_app_msgs/include/best_camera_app_msgs/best_camera_app_msgs/msg
[2.444s] -- Up-to-date: /home/dyjung/ros2_oneday/install/best_camera_app_msgs/include/best_camera_app_msgs/best_camera_app_msgs/msg/rosidl_typesupport_fastrtps_cpp__visibility_control.h
[2.444s] -- Up-to-date: /home/dyjung/ros2_oneday/install/best_camera_app_msgs/include/best_camera_app_msgs/best_camera_app_msgs/srv
[2.444s] -- Up-to-date: /home/dyjung/ros2_oneday/install/best_camera_app_msgs/include/best_camera_app_msgs/best_camera_app_msgs/srv/detail
[2.444s] -- Up-to-date: /home/dyjung/ros2_oneday/install/best_camera_app_msgs/include/best_camera_app_msgs/best_camera_app_msgs/srv/detail/dds_fastrtps
[2.444s] -- Installing: /home/dyjung/ros2_oneday/install/best_camera_app_msgs/include/best_camera_app_msgs/best_camera_app_msgs/srv/detail/capture_server__rosidl_typesupport_fastrtps_cpp.hpp
[2.444s] -- Up-to-date: /home/dyjung/ros2_oneday/install/best_camera_app_msgs/include/best_camera_app_msgs/best_camera_app_msgs/srv/detail/camera_capture__rosidl_typesupport_fastrtps_cpp.hpp
[2.445s] -- Installing: /home/dyjung/ros2_oneday/install/best_camera_app_msgs/lib/libbest_camera_app_msgs__rosidl_typesupport_fastrtps_cpp.so
[2.445s] -- Set runtime path of "/home/dyjung/ros2_oneday/install/best_camera_app_msgs/lib/libbest_camera_app_msgs__rosidl_typesupport_fastrtps_cpp.so" to ""
[2.445s] -- Up-to-date: /home/dyjung/ros2_oneday/install/best_camera_app_msgs/include/best_camera_app_msgs/best_camera_app_msgs
[2.445s] -- Up-to-date: /home/dyjung/ros2_oneday/install/best_camera_app_msgs/include/best_camera_app_msgs/best_camera_app_msgs/srv
[2.445s] -- Up-to-date: /home/dyjung/ros2_oneday/install/best_camera_app_msgs/include/best_camera_app_msgs/best_camera_app_msgs/srv/detail
[2.445s] -- Up-to-date: /home/dyjung/ros2_oneday/install/best_camera_app_msgs/include/best_camera_app_msgs/best_camera_app_msgs/srv/detail/camera_capture__type_support.cpp
[2.445s] -- Up-to-date: /home/dyjung/ros2_oneday/install/best_camera_app_msgs/include/best_camera_app_msgs/best_camera_app_msgs/srv/detail/camera_capture__rosidl_typesupport_introspection_cpp.hpp
[2.445s] -- Installing: /home/dyjung/ros2_oneday/install/best_camera_app_msgs/include/best_camera_app_msgs/best_camera_app_msgs/srv/detail/capture_server__rosidl_typesupport_introspection_cpp.hpp
[2.445s] -- Installing: /home/dyjung/ros2_oneday/install/best_camera_app_msgs/include/best_camera_app_msgs/best_camera_app_msgs/srv/detail/capture_server__type_support.cpp
[2.445s] -- Installing: /home/dyjung/ros2_oneday/install/best_camera_app_msgs/lib/libbest_camera_app_msgs__rosidl_typesupport_introspection_cpp.so
[2.445s] -- Set runtime path of "/home/dyjung/ros2_oneday/install/best_camera_app_msgs/lib/libbest_camera_app_msgs__rosidl_typesupport_introspection_cpp.so" to ""
[2.445s] -- Installing: /home/dyjung/ros2_oneday/install/best_camera_app_msgs/lib/libbest_camera_app_msgs__rosidl_typesupport_cpp.so
[2.445s] -- Set runtime path of "/home/dyjung/ros2_oneday/install/best_camera_app_msgs/lib/libbest_camera_app_msgs__rosidl_typesupport_cpp.so" to ""
[2.445s] -- Up-to-date: /home/dyjung/ros2_oneday/install/best_camera_app_msgs/share/best_camera_app_msgs/environment/pythonpath.sh
[2.445s] -- Installing: /home/dyjung/ros2_oneday/install/best_camera_app_msgs/share/best_camera_app_msgs/environment/pythonpath.dsv
[2.445s] -- Up-to-date: /home/dyjung/ros2_oneday/install/best_camera_app_msgs/local/lib/python3.10/dist-packages/best_camera_app_msgs-0.0.0-py3.10.egg-info
[2.446s] -- Installing: /home/dyjung/ros2_oneday/install/best_camera_app_msgs/local/lib/python3.10/dist-packages/best_camera_app_msgs-0.0.0-py3.10.egg-info/dependency_links.txt
[2.446s] -- Installing: /home/dyjung/ros2_oneday/install/best_camera_app_msgs/local/lib/python3.10/dist-packages/best_camera_app_msgs-0.0.0-py3.10.egg-info/SOURCES.txt
[2.446s] -- Installing: /home/dyjung/ros2_oneday/install/best_camera_app_msgs/local/lib/python3.10/dist-packages/best_camera_app_msgs-0.0.0-py3.10.egg-info/top_level.txt
[2.446s] -- Installing: /home/dyjung/ros2_oneday/install/best_camera_app_msgs/local/lib/python3.10/dist-packages/best_camera_app_msgs-0.0.0-py3.10.egg-info/PKG-INFO
[2.446s] -- Up-to-date: /home/dyjung/ros2_oneday/install/best_camera_app_msgs/local/lib/python3.10/dist-packages/best_camera_app_msgs
[2.446s] -- Installing: /home/dyjung/ros2_oneday/install/best_camera_app_msgs/local/lib/python3.10/dist-packages/best_camera_app_msgs/_best_camera_app_msgs_s.ep.rosidl_typesupport_introspection_c.c
[2.446s] -- Installing: /home/dyjung/ros2_oneday/install/best_camera_app_msgs/local/lib/python3.10/dist-packages/best_camera_app_msgs/best_camera_app_msgs_s__rosidl_typesupport_introspection_c.cpython-310-x86_64-linux-gnu.so
[2.446s] -- Installing: /home/dyjung/ros2_oneday/install/best_camera_app_msgs/local/lib/python3.10/dist-packages/best_camera_app_msgs/_best_camera_app_msgs_s.ep.rosidl_typesupport_c.c
[2.446s] -- Installing: /home/dyjung/ros2_oneday/install/best_camera_app_msgs/local/lib/python3.10/dist-packages/best_camera_app_msgs/_best_camera_app_msgs_s.ep.rosidl_typesupport_fastrtps_c.c
[2.446s] -- Installing: /home/dyjung/ros2_oneday/install/best_camera_app_msgs/local/lib/python3.10/dist-packages/best_camera_app_msgs/__init__.py
[2.446s] -- Up-to-date: /home/dyjung/ros2_oneday/install/best_camera_app_msgs/local/lib/python3.10/dist-packages/best_camera_app_msgs/srv
[2.446s] -- Up-to-date: /home/dyjung/ros2_oneday/install/best_camera_app_msgs/local/lib/python3.10/dist-packages/best_camera_app_msgs/srv/_camera_capture.py
[2.446s] -- Installing: /home/dyjung/ros2_oneday/install/best_camera_app_msgs/local/lib/python3.10/dist-packages/best_camera_app_msgs/srv/_capture_server_s.c
[2.446s] -- Up-to-date: /home/dyjung/ros2_oneday/install/best_camera_app_msgs/local/lib/python3.10/dist-packages/best_camera_app_msgs/srv/_camera_capture_s.c
[2.446s] -- Installing: /home/dyjung/ros2_oneday/install/best_camera_app_msgs/local/lib/python3.10/dist-packages/best_camera_app_msgs/srv/__init__.py
[2.446s] -- Installing: /home/dyjung/ros2_oneday/install/best_camera_app_msgs/local/lib/python3.10/dist-packages/best_camera_app_msgs/srv/_capture_server.py
[2.446s] -- Installing: /home/dyjung/ros2_oneday/install/best_camera_app_msgs/local/lib/python3.10/dist-packages/best_camera_app_msgs/best_camera_app_msgs_s__rosidl_typesupport_fastrtps_c.cpython-310-x86_64-linux-gnu.so
[2.447s] -- Installing: /home/dyjung/ros2_oneday/install/best_camera_app_msgs/local/lib/python3.10/dist-packages/best_camera_app_msgs/best_camera_app_msgs_s__rosidl_typesupport_c.cpython-310-x86_64-linux-gnu.so
[2.447s] -- Installing: /home/dyjung/ros2_oneday/install/best_camera_app_msgs/local/lib/python3.10/dist-packages/best_camera_app_msgs/libbest_camera_app_msgs__rosidl_generator_py.so
[2.472s] Listing '/home/dyjung/ros2_oneday/install/best_camera_app_msgs/local/lib/python3.10/dist-packages/best_camera_app_msgs'...
[2.472s] Compiling '/home/dyjung/ros2_oneday/install/best_camera_app_msgs/local/lib/python3.10/dist-packages/best_camera_app_msgs/__init__.py'...
[2.472s] Listing '/home/dyjung/ros2_oneday/install/best_camera_app_msgs/local/lib/python3.10/dist-packages/best_camera_app_msgs/srv'...
[2.472s] Compiling '/home/dyjung/ros2_oneday/install/best_camera_app_msgs/local/lib/python3.10/dist-packages/best_camera_app_msgs/srv/__init__.py'...
[2.472s] Compiling '/home/dyjung/ros2_oneday/install/best_camera_app_msgs/local/lib/python3.10/dist-packages/best_camera_app_msgs/srv/_capture_server.py'...
[2.475s] -- Installing: /home/dyjung/ros2_oneday/install/best_camera_app_msgs/local/lib/python3.10/dist-packages/best_camera_app_msgs/best_camera_app_msgs_s__rosidl_typesupport_fastrtps_c.cpython-310-x86_64-linux-gnu.so
[2.476s] -- Set runtime path of "/home/dyjung/ros2_oneday/install/best_camera_app_msgs/local/lib/python3.10/dist-packages/best_camera_app_msgs/best_camera_app_msgs_s__rosidl_typesupport_fastrtps_c.cpython-310-x86_64-linux-gnu.so" to ""
[2.476s] -- Installing: /home/dyjung/ros2_oneday/install/best_camera_app_msgs/local/lib/python3.10/dist-packages/best_camera_app_msgs/best_camera_app_msgs_s__rosidl_typesupport_introspection_c.cpython-310-x86_64-linux-gnu.so
[2.476s] -- Set runtime path of "/home/dyjung/ros2_oneday/install/best_camera_app_msgs/local/lib/python3.10/dist-packages/best_camera_app_msgs/best_camera_app_msgs_s__rosidl_typesupport_introspection_c.cpython-310-x86_64-linux-gnu.so" to ""
[2.476s] -- Installing: /home/dyjung/ros2_oneday/install/best_camera_app_msgs/local/lib/python3.10/dist-packages/best_camera_app_msgs/best_camera_app_msgs_s__rosidl_typesupport_c.cpython-310-x86_64-linux-gnu.so
[2.476s] -- Set runtime path of "/home/dyjung/ros2_oneday/install/best_camera_app_msgs/local/lib/python3.10/dist-packages/best_camera_app_msgs/best_camera_app_msgs_s__rosidl_typesupport_c.cpython-310-x86_64-linux-gnu.so" to ""
[2.476s] -- Installing: /home/dyjung/ros2_oneday/install/best_camera_app_msgs/lib/libbest_camera_app_msgs__rosidl_generator_py.so
[2.476s] -- Set runtime path of "/home/dyjung/ros2_oneday/install/best_camera_app_msgs/lib/libbest_camera_app_msgs__rosidl_generator_py.so" to ""
[2.477s] -- Installing: /home/dyjung/ros2_oneday/install/best_camera_app_msgs/share/best_camera_app_msgs/srv/CaptureServer.idl
[2.477s] -- Installing: /home/dyjung/ros2_oneday/install/best_camera_app_msgs/share/best_camera_app_msgs/srv/CaptureServer.srv
[2.477s] -- Installing: /home/dyjung/ros2_oneday/install/best_camera_app_msgs/share/best_camera_app_msgs/srv/CaptureServer_Request.msg
[2.477s] -- Installing: /home/dyjung/ros2_oneday/install/best_camera_app_msgs/share/best_camera_app_msgs/srv/CaptureServer_Response.msg
[2.477s] -- Up-to-date: /home/dyjung/ros2_oneday/install/best_camera_app_msgs/share/ament_index/resource_index/package_run_dependencies/best_camera_app_msgs
[2.477s] -- Up-to-date: /home/dyjung/ros2_oneday/install/best_camera_app_msgs/share/ament_index/resource_index/parent_prefix_path/best_camera_app_msgs
[2.477s] -- Up-to-date: /home/dyjung/ros2_oneday/install/best_camera_app_msgs/share/best_camera_app_msgs/environment/ament_prefix_path.sh
[2.477s] -- Installing: /home/dyjung/ros2_oneday/install/best_camera_app_msgs/share/best_camera_app_msgs/environment/ament_prefix_path.dsv
[2.477s] -- Up-to-date: /home/dyjung/ros2_oneday/install/best_camera_app_msgs/share/best_camera_app_msgs/environment/path.sh
[2.477s] -- Installing: /home/dyjung/ros2_oneday/install/best_camera_app_msgs/share/best_camera_app_msgs/environment/path.dsv
[2.477s] -- Up-to-date: /home/dyjung/ros2_oneday/install/best_camera_app_msgs/share/best_camera_app_msgs/local_setup.bash
[2.477s] -- Up-to-date: /home/dyjung/ros2_oneday/install/best_camera_app_msgs/share/best_camera_app_msgs/local_setup.sh
[2.478s] -- Up-to-date: /home/dyjung/ros2_oneday/install/best_camera_app_msgs/share/best_camera_app_msgs/local_setup.zsh
[2.478s] -- Installing: /home/dyjung/ros2_oneday/install/best_camera_app_msgs/share/best_camera_app_msgs/local_setup.dsv
[2.478s] -- Installing: /home/dyjung/ros2_oneday/install/best_camera_app_msgs/share/best_camera_app_msgs/package.dsv
[2.478s] -- Up-to-date: /home/dyjung/ros2_oneday/install/best_camera_app_msgs/share/ament_index/resource_index/packages/best_camera_app_msgs
[2.478s] -- Up-to-date: /home/dyjung/ros2_oneday/install/best_camera_app_msgs/share/best_camera_app_msgs/cmake/export_best_camera_app_msgs__rosidl_generator_cExport.cmake
[2.478s] -- Up-to-date: /home/dyjung/ros2_oneday/install/best_camera_app_msgs/share/best_camera_app_msgs/cmake/export_best_camera_app_msgs__rosidl_generator_cExport-noconfig.cmake
[2.478s] -- Up-to-date: /home/dyjung/ros2_oneday/install/best_camera_app_msgs/share/best_camera_app_msgs/cmake/export_best_camera_app_msgs__rosidl_typesupport_fastrtps_cExport.cmake
[2.478s] -- Up-to-date: /home/dyjung/ros2_oneday/install/best_camera_app_msgs/share/best_camera_app_msgs/cmake/export_best_camera_app_msgs__rosidl_typesupport_fastrtps_cExport-noconfig.cmake
[2.478s] -- Up-to-date: /home/dyjung/ros2_oneday/install/best_camera_app_msgs/share/best_camera_app_msgs/cmake/best_camera_app_msgs__rosidl_typesupport_introspection_cExport.cmake
[2.478s] -- Up-to-date: /home/dyjung/ros2_oneday/install/best_camera_app_msgs/share/best_camera_app_msgs/cmake/best_camera_app_msgs__rosidl_typesupport_introspection_cExport-noconfig.cmake
[2.478s] -- Up-to-date: /home/dyjung/ros2_oneday/install/best_camera_app_msgs/share/best_camera_app_msgs/cmake/best_camera_app_msgs__rosidl_typesupport_cExport.cmake
[2.478s] -- Up-to-date: /home/dyjung/ros2_oneday/install/best_camera_app_msgs/share/best_camera_app_msgs/cmake/best_camera_app_msgs__rosidl_typesupport_cExport-noconfig.cmake
[2.479s] -- Up-to-date: /home/dyjung/ros2_oneday/install/best_camera_app_msgs/share/best_camera_app_msgs/cmake/export_best_camera_app_msgs__rosidl_generator_cppExport.cmake
[2.479s] -- Up-to-date: /home/dyjung/ros2_oneday/install/best_camera_app_msgs/share/best_camera_app_msgs/cmake/export_best_camera_app_msgs__rosidl_typesupport_fastrtps_cppExport.cmake
[2.479s] -- Up-to-date: /home/dyjung/ros2_oneday/install/best_camera_app_msgs/share/best_camera_app_msgs/cmake/export_best_camera_app_msgs__rosidl_typesupport_fastrtps_cppExport-noconfig.cmake
[2.479s] -- Up-to-date: /home/dyjung/ros2_oneday/install/best_camera_app_msgs/share/best_camera_app_msgs/cmake/best_camera_app_msgs__rosidl_typesupport_introspection_cppExport.cmake
[2.479s] -- Up-to-date: /home/dyjung/ros2_oneday/install/best_camera_app_msgs/share/best_camera_app_msgs/cmake/best_camera_app_msgs__rosidl_typesupport_introspection_cppExport-noconfig.cmake
[2.479s] -- Up-to-date: /home/dyjung/ros2_oneday/install/best_camera_app_msgs/share/best_camera_app_msgs/cmake/best_camera_app_msgs__rosidl_typesupport_cppExport.cmake
[2.479s] -- Up-to-date: /home/dyjung/ros2_oneday/install/best_camera_app_msgs/share/best_camera_app_msgs/cmake/best_camera_app_msgs__rosidl_typesupport_cppExport-noconfig.cmake
[2.479s] -- Up-to-date: /home/dyjung/ros2_oneday/install/best_camera_app_msgs/share/best_camera_app_msgs/cmake/export_best_camera_app_msgs__rosidl_generator_pyExport.cmake
[2.479s] -- Up-to-date: /home/dyjung/ros2_oneday/install/best_camera_app_msgs/share/best_camera_app_msgs/cmake/export_best_camera_app_msgs__rosidl_generator_pyExport-noconfig.cmake
[2.479s] -- Installing: /home/dyjung/ros2_oneday/install/best_camera_app_msgs/share/best_camera_app_msgs/cmake/rosidl_cmake-extras.cmake
[2.479s] -- Up-to-date: /home/dyjung/ros2_oneday/install/best_camera_app_msgs/share/best_camera_app_msgs/cmake/ament_cmake_export_include_directories-extras.cmake
[2.479s] -- Up-to-date: /home/dyjung/ros2_oneday/install/best_camera_app_msgs/share/best_camera_app_msgs/cmake/ament_cmake_export_libraries-extras.cmake
[2.479s] -- Up-to-date: /home/dyjung/ros2_oneday/install/best_camera_app_msgs/share/best_camera_app_msgs/cmake/ament_cmake_export_targets-extras.cmake
[2.479s] -- Up-to-date: /home/dyjung/ros2_oneday/install/best_camera_app_msgs/share/best_camera_app_msgs/cmake/rosidl_cmake_export_typesupport_targets-extras.cmake
[2.479s] -- Up-to-date: /home/dyjung/ros2_oneday/install/best_camera_app_msgs/share/best_camera_app_msgs/cmake/ament_cmake_export_dependencies-extras.cmake
[2.479s] -- Up-to-date: /home/dyjung/ros2_oneday/install/best_camera_app_msgs/share/best_camera_app_msgs/cmake/rosidl_cmake_export_typesupport_libraries-extras.cmake
[2.479s] -- Up-to-date: /home/dyjung/ros2_oneday/install/best_camera_app_msgs/share/best_camera_app_msgs/cmake/best_camera_app_msgsConfig.cmake
[2.479s] -- Up-to-date: /home/dyjung/ros2_oneday/install/best_camera_app_msgs/share/best_camera_app_msgs/cmake/best_camera_app_msgsConfig-version.cmake
[2.479s] -- Up-to-date: /home/dyjung/ros2_oneday/install/best_camera_app_msgs/share/best_camera_app_msgs/package.xml
[2.480s] Invoked command in '/home/dyjung/ros2_oneday/build/best_camera_app_msgs' returned '0': CMAKE_PREFIX_PATH=${CMAKE_PREFIX_PATH}:/home/dyjung/ros2_oneday/install/best_camera_app:/opt/ros/humble /usr/bin/cmake --install /home/dyjung/ros2_oneday/build/best_camera_app_msgs
